PRT1
101
244
4 0 24 (64 0 64 ) (64 0 320 ) (0 0 448 ) (0 0 64 ) 
4 0 1 (0 0 64 ) (0 0 448 ) (0 384 448 ) (0 384 64 ) 
4 1 34 (0 0 64 ) (0 0 181.358002 ) (-128 0 181.358002 ) (-128 0 64 ) 
4 1 33 (0 0 181.358002 ) (0 0 189.358002 ) (-128 0 189.358002 ) (-128 0 181.358002 ) 
4 1 29 (0 0 189.358002 ) (0 0 256 ) (-128 0 256 ) (-128 0 189.358002 ) 
4 1 26 (0 0 256 ) (0 0 320 ) (-128 0 320 ) (-128 0 256 ) 
4 1 25 (0 0 320 ) (0 0 448 ) (-128 0 448 ) (-128 0 320 ) 
4 1 20 (-128 0 64 ) (-128 0 181.358002 ) (-128 168 181.358002 ) (-128 168 64 ) 
4 1 15 (-128 0 189.358002 ) (-128 0 256 ) (-128 168 256 ) (-128 168 189.358002 ) 
4 1 11 (-128 312 181.358002 ) (-128 312 64 ) (-128 176 64 ) (-128 176 181.358002 ) 
4 1 10 (-128 168 256 ) (-128 176 256 ) (-128 176 254.358002 ) (-128 168 254.358002 ) 
4 1 6 (-128 176 256 ) (-128 312 256 ) (-128 312 189.358002 ) (-128 176 189.358002 ) 
4 1 5 (-128 312 256 ) (-128 320 256 ) (-128 320 254.358002 ) (-128 312 254.358002 ) 
4 1 2 (-128 0 320 ) (-128 0 448 ) (-128 384 448 ) (-128 384 320 ) 
3 2 25 (-128 0 320 ) (-128 0 448 ) (-192 0 448 ) 
4 3 14 (-352 256 256 ) (-160 256 256 ) (-160 192 256 ) (-352 192 256 ) 
4 4 23 (-352 128 256 ) (-320 128 256 ) (-320 64 256 ) (-352 64 256 ) 
4 4 18 (-320 128 256 ) (-160 128 256 ) (-160 64 256 ) (-320 64 256 ) 
4 5 8 (-132 312 254.358002 ) (-130 312 254.358002 ) (-130 312 255.358002 ) (-132 312 255.358002 ) 
4 5 7 (-130 312 255.358002 ) (-130 312 256 ) (-132 312 256 ) (-132 312 255.358002 ) 
4 5 6 (-130 312 254.358002 ) (-128 312 254.358002 ) (-128 312 256 ) (-130 312 256 ) 
4 5 9 (-136 312 256 ) (-136 312 254.358002 ) (-132 312 254.358002 ) (-132 312 256 ) 
4 5 14 (-136 320 256 ) (-136 320 254.358002 ) (-136 312 254.358002 ) (-136 312 256 ) 
4 6 10 (-128 176 254.358002 ) (-128 176 256 ) (-130 176 256 ) (-130 176 254.358002 ) 
4 6 8 (-130 312 255.358002 ) (-130 312 189.358002 ) (-130 176 189.358002 ) (-130 176 255.358002 ) 
4 6 7 (-130 312 256 ) (-130 312 255.358002 ) (-130 176 255.358002 ) (-130 176 256 ) 
4 7 10 (-130 176 255.358002 ) (-130 176 256 ) (-132 176 256 ) (-132 176 255.358002 ) 
4 7 9 (-132 312 256 ) (-132 312 255.358002 ) (-132 176 255.358002 ) (-132 176 256 ) 
4 7 8 (-132 176 255.358002 ) (-132 312 255.358002 ) (-130 312 255.358002 ) (-130 176 255.358002 ) 
4 8 10 (-130 176 254.358002 ) (-130 176 255.358002 ) (-132 176 255.358002 ) (-132 176 254.358002 ) 
4 8 9 (-132 312 255.358002 ) (-132 312 189.358002 ) (-132 176 189.358002 ) (-132 176 255.358002 ) 
4 9 10 (-136 176 256 ) (-136 176 254.358002 ) (-132 176 254.358002 ) (-132 176 256 ) 
4 9 14 (-136 176 256 ) (-136 312 256 ) (-136 312 189.358002 ) (-136 176 189.358002 ) 
4 10 17 (-132 168 255.358002 ) (-132 168 254.358002 ) (-130 168 254.358002 ) (-130 168 255.358002 ) 
4 10 16 (-130 168 256 ) (-132 168 256 ) (-132 168 255.358002 ) (-130 168 255.358002 ) 
4 10 15 (-128 168 254.358002 ) (-128 168 256 ) (-130 168 256 ) (-130 168 254.358002 ) 
4 10 18 (-132 168 256 ) (-136 168 256 ) (-136 168 254.358002 ) (-132 168 254.358002 ) 
4 10 14 (-136 168 254.358002 ) (-136 168 256 ) (-136 176 256 ) (-136 176 254.358002 ) 
4 11 12 (-130 176 64 ) (-130 176 181.358002 ) (-130 312 181.358002 ) (-130 312 64 ) 
4 12 13 (-132 176 64 ) (-132 176 181.358002 ) (-132 312 181.358002 ) (-132 312 64 ) 
4 13 14 (-136 312 64 ) (-136 176 64 ) (-136 176 181.358002 ) (-136 312 181.358002 ) 
4 14 23 (-384 168 64 ) (-320 168 64 ) (-320 168 256 ) (-384 168 256 ) 
4 14 22 (-320 168 64 ) (-136 168 64 ) (-136 168 181.358002 ) (-320 168 181.358002 ) 
4 14 19 (-136 168 181.358002 ) (-136 168 189.358002 ) (-320 168 189.358002 ) (-320 168 181.358002 ) 
4 14 18 (-136 168 189.358002 ) (-136 168 256 ) (-320 168 256 ) (-320 168 189.358002 ) 
4 15 29 (-128 0 189.358002 ) (-128 0 256 ) (-130 0 256 ) (-130 0 189.358002 ) 
4 15 17 (-130 168 255.358002 ) (-130 168 189.358002 ) (-130 0 189.358002 ) (-130 0 255.358002 ) 
4 15 16 (-130 168 256 ) (-130 168 255.358002 ) (-130 0 255.358002 ) (-130 0 256 ) 
4 16 30 (-130 0 256 ) (-132 0 256 ) (-132 0 255.358002 ) (-130 0 255.358002 ) 
4 16 18 (-132 168 256 ) (-132 168 255.358002 ) (-132 0 255.358002 ) (-132 0 256 ) 
4 16 17 (-132 0 255.358002 ) (-132 168 255.358002 ) (-130 168 255.358002 ) (-130 0 255.358002 ) 
4 17 31 (-132 0 255.358002 ) (-132 0 189.358002 ) (-130 0 189.358002 ) (-130 0 255.358002 ) 
4 17 18 (-132 168 255.358002 ) (-132 168 189.358002 ) (-132 0 189.358002 ) (-132 0 255.358002 ) 
4 18 38 (-136 0 256 ) (-320 0 256 ) (-320 0 189.358002 ) (-136 0 189.358002 ) 
4 18 32 (-132 0 256 ) (-136 0 256 ) (-136 0 189.358002 ) (-132 0 189.358002 ) 
4 18 23 (-320 168 256 ) (-320 168 189.358002 ) (-320 64 189.358002 ) (-320 64 256 ) 
4 18 19 (-320 0 189.358002 ) (-320 168 189.358002 ) (-136 168 189.358002 ) (-136 0 189.358002 ) 
4 19 38 (-136 0 189.358002 ) (-320 0 189.358002 ) (-320 0 181.358002 ) (-136 0 181.358002 ) 
4 19 23 (-320 168 189.358002 ) (-320 168 181.358002 ) (-320 64 181.358002 ) (-320 64 189.358002 ) 
4 19 22 (-320 0 181.358002 ) (-320 168 181.358002 ) (-136 168 181.358002 ) (-136 0 181.358002 ) 
4 20 34 (-128 0 64 ) (-128 0 181.358002 ) (-130 0 181.358002 ) (-130 0 64 ) 
4 20 21 (-130 0 181.358002 ) (-130 168 181.358002 ) (-130 168 64 ) (-130 0 64 ) 
4 21 35 (-130 0 181.358002 ) (-132 0 181.358002 ) (-132 0 64 ) (-130 0 64 ) 
4 21 22 (-132 0 181.358002 ) (-132 168 181.358002 ) (-132 168 64 ) (-132 0 64 ) 
4 22 38 (-136 0 181.358002 ) (-320 0 181.358002 ) (-320 0 64 ) (-136 0 64 ) 
4 22 36 (-132 0 181.358002 ) (-136 0 181.358002 ) (-136 0 64 ) (-132 0 64 ) 
4 22 23 (-320 168 181.358002 ) (-320 168 64 ) (-320 64 64 ) (-320 64 181.358002 ) 
4 24 100 (0 -704 64 ) (0 -768 64 ) (0 -768 256 ) (0 -704 256 ) 
4 24 97 (0 -696 64 ) (0 -704 64 ) (0 -704 256 ) (0 -696 256 ) 
4 24 94 (0 -472 64 ) (0 -696 64 ) (0 -696 183 ) (0 -472 183 ) 
4 24 92 (0 -696 183 ) (0 -696 191 ) (0 -472 191 ) (0 -472 183 ) 
4 24 89 (0 -696 191 ) (0 -696 256 ) (0 -472 256 ) (0 -472 191 ) 
4 24 87 (0 -464 64 ) (0 -472 64 ) (0 -472 256 ) (0 -464 256 ) 
4 24 82 (0 -328 64 ) (0 -464 64 ) (0 -464 183 ) (0 -328 183 ) 
4 24 81 (0 -464 183 ) (0 -464 191 ) (0 -328 191 ) (0 -328 183 ) 
4 24 78 (0 -464 191 ) (0 -464 256 ) (0 -328 256 ) (0 -328 191 ) 
4 24 77 (0 -320 64 ) (0 -328 64 ) (0 -328 256 ) (0 -320 256 ) 
4 24 74 (0 -768 256 ) (0 -768 320 ) (0 -320 320 ) (0 -320 256 ) 
4 24 72 (0 -256 64 ) (0 -320 64 ) (0 -320 192 ) (0 -256 192 ) 
4 24 71 (0 -320 192 ) (0 -320 320 ) (0 -256 320 ) (0 -256 192 ) 
4 24 70 (0 -768 320 ) (0 -768 448 ) (0 -256 448 ) (0 -256 320 ) 
4 24 60 (0 -249.263000 64 ) (0 -256 64 ) (0 -256 182.382996 ) (0 -249.263000 182.382996 ) 
4 24 58 (0 -134.737000 64 ) (0 -249.263000 64 ) (0 -249.263000 182.382996 ) (0 -134.737000 182.382996 ) 
4 24 47 (0 -256 182.382996 ) (0 -256 256 ) (0 -134.737000 256 ) (0 -134.737000 182.382996 ) 
4 24 42 (0 -128 64 ) (0 -134.737000 64 ) (0 -134.737000 256 ) (0 -128 256 ) 
4 24 40 (0 -64 64 ) (0 -128 64 ) (0 -128 192 ) (0 -64 192 ) 
4 24 39 (0 -128 192 ) (0 -128 256 ) (0 -64 256 ) (0 -64 192 ) 
4 24 37 (0 -56 64 ) (0 -64 64 ) (0 -64 256 ) (0 -56 256 ) 
4 24 34 (0 0 181.358002 ) (0 0 64 ) (0 -56 64 ) (0 -56 181.358002 ) 
4 24 33 (0 0 189.358002 ) (0 0 181.358002 ) (0 -56 181.358002 ) (0 -56 189.358002 ) 
4 24 29 (0 0 256 ) (0 0 189.358002 ) (0 -56 189.358002 ) (0 -56 256 ) 
4 24 28 (0 -128 256 ) (0 -256 256 ) (0 -256 320 ) (0 -128 320 ) 
4 24 27 (0 -64 256 ) (0 -128 256 ) (0 -128 320 ) (0 -64 320 ) 
4 24 26 (0 0 320 ) (0 0 256 ) (0 -64 256 ) (0 -64 320 ) 
4 24 25 (0 0 448 ) (0 0 320 ) (0 -256 320 ) (0 -256 448 ) 
4 25 70 (-128 -256 320 ) (0 -256 320 ) (0 -256 448 ) (-192 -256 448 ) 
4 25 28 (0 -256 320 ) (-128 -256 320 ) (-128 -128 320 ) (0 -128 320 ) 
4 25 27 (-128 -128 320 ) (-128 -64 320 ) (0 -64 320 ) (0 -128 320 ) 
4 25 26 (-128 -64 320 ) (-128 0 320 ) (0 0 320 ) (0 -64 320 ) 
4 26 37 (0 -56 256 ) (0 -64 256 ) (-128 -64 256 ) (-128 -56 256 ) 
4 26 29 (-128 0 256 ) (0 0 256 ) (0 -56 256 ) (-128 -56 256 ) 
4 26 27 (-128 -64 256 ) (0 -64 256 ) (0 -64 320 ) (-128 -64 320 ) 
4 27 39 (-128 -64 256 ) (0 -64 256 ) (0 -128 256 ) (-128 -128 256 ) 
4 27 28 (-128 -128 256 ) (0 -128 256 ) (0 -128 320 ) (-128 -128 320 ) 
4 28 71 (-128 -256 256 ) (0 -256 256 ) (0 -256 320 ) (-128 -256 320 ) 
4 28 47 (0 -256 256 ) (-128 -256 256 ) (-128 -134.737000 256 ) (0 -134.737000 256 ) 
4 28 42 (-128 -134.737000 256 ) (-128 -128 256 ) (0 -128 256 ) (0 -134.737000 256 ) 
4 29 37 (-128 -56 189.358002 ) (0 -56 189.358002 ) (0 -56 256 ) (-128 -56 256 ) 
4 29 33 (0 -56 189.358002 ) (-128 -56 189.358002 ) (-128 0 189.358002 ) (0 0 189.358002 ) 
4 29 31 (-130 0 189.358002 ) (-130 -56 189.358002 ) (-130 -56 255.358002 ) (-130 0 255.358002 ) 
4 29 30 (-130 -56 255.358002 ) (-130 -56 256 ) (-130 0 256 ) (-130 0 255.358002 ) 
4 30 32 (-132 -56 255.358002 ) (-132 -56 256 ) (-132 0 256 ) (-132 0 255.358002 ) 
4 30 31 (-132 -56 255.358002 ) (-132 0 255.358002 ) (-130 0 255.358002 ) (-130 -56 255.358002 ) 
4 31 32 (-132 0 189.358002 ) (-132 -56 189.358002 ) (-132 -56 255.358002 ) (-132 0 255.358002 ) 
4 32 38 (-136 -56 189.358002 ) (-136 -56 256 ) (-136 0 256 ) (-136 0 189.358002 ) 
4 33 37 (-128 -56 181.358002 ) (0 -56 181.358002 ) (0 -56 189.358002 ) (-128 -56 189.358002 ) 
4 33 34 (0 -56 181.358002 ) (-128 -56 181.358002 ) (-128 0 181.358002 ) (0 0 181.358002 ) 
4 34 37 (-128 -56 64 ) (0 -56 64 ) (0 -56 181.358002 ) (-128 -56 181.358002 ) 
4 34 35 (-130 0 64 ) (-130 -56 64 ) (-130 -56 181.358002 ) (-130 0 181.358002 ) 
4 35 36 (-132 0 64 ) (-132 -56 64 ) (-132 -56 181.358002 ) (-132 0 181.358002 ) 
4 36 38 (-136 0 64 ) (-136 -56 64 ) (-136 -56 181.358002 ) (-136 0 181.358002 ) 
4 37 40 (-128 -64 64 ) (0 -64 64 ) (0 -64 192 ) (-128 -64 192 ) 
4 37 39 (0 -64 192 ) (0 -64 256 ) (-128 -64 256 ) (-128 -64 192 ) 
4 38 41 (-320 -64 64 ) (-256 -64 64 ) (-256 -64 192 ) (-320 -64 192 ) 
4 39 42 (0 -128 192 ) (0 -128 256 ) (-128 -128 256 ) (-128 -128 192 ) 
4 39 40 (0 -128 192 ) (-128 -128 192 ) (-128 -64 192 ) (0 -64 192 ) 
4 40 42 (-128 -128 64 ) (0 -128 64 ) (0 -128 192 ) (-128 -128 192 ) 
4 41 46 (-320 -128 64 ) (-256 -128 64 ) (-256 -128 192 ) (-320 -128 192 ) 
4 42 58 (-128.384995 -134.737000 64 ) (0 -134.737000 64 ) (0 -134.737000 182.382996 ) (-128.384995 -134.737000 182.382996 ) 
4 42 55 (-128.384995 -134.737000 190.342010 ) (-128.384995 -134.737000 182.382996 ) (-128 -134.737000 182.382996 ) (-128 -134.737000 190.342010 ) 
4 42 48 (-128 -134.737000 256 ) (-128.384995 -134.737000 256 ) (-128.384995 -134.737000 190.342010 ) (-128 -134.737000 190.342010 ) 
4 42 47 (0 -134.737000 182.382996 ) (0 -134.737000 256 ) (-128 -134.737000 256 ) (-128 -134.737000 182.382996 ) 
4 42 43 (-128.384995 -128 256 ) (-128.384995 -128 255 ) (-128.384995 -134.737000 255 ) (-128.384995 -134.737000 256 ) 
4 43 49 (-130.384995 -134.737000 256 ) (-132.384995 -134.737000 256 ) (-132.384995 -134.737000 255 ) (-130.384995 -134.737000 255 ) 
4 43 48 (-128.384995 -134.737000 255 ) (-128.384995 -134.737000 256 ) (-130.384995 -134.737000 256 ) (-130.384995 -134.737000 255 ) 
4 43 50 (-132.384995 -134.737000 256 ) (-136 -134.737000 256 ) (-136 -134.737000 255 ) (-132.384995 -134.737000 255 ) 
4 43 54 (-136 -134.737000 256 ) (-136.384995 -134.737000 256 ) (-136.384995 -134.737000 255 ) (-136 -134.737000 255 ) 
4 43 44 (-136.384995 -128 256 ) (-136.384995 -128 255 ) (-136.384995 -134.737000 255 ) (-136.384995 -134.737000 256 ) 
4 44 61 (-248 -134.737000 64 ) (-136.384995 -134.737000 64 ) (-136.384995 -134.737000 256 ) (-248 -134.737000 256 ) 
4 45 68 (-256 -134.737000 192 ) (-256 -134.737000 256 ) (-336 -134.737000 256 ) (-336 -134.737000 192 ) 
4 45 46 (-320 -128 192 ) (-256 -128 192 ) (-256 -134.737000 192 ) (-320 -134.737000 192 ) 
4 46 69 (-320 -134.737000 64 ) (-256 -134.737000 64 ) (-256 -134.737000 192 ) (-320 -134.737000 192 ) 
4 47 72 (0 -256 182.382996 ) (0 -256 192 ) (-128 -256 192 ) (-128 -256 182.382996 ) 
4 47 71 (0 -256 192 ) (0 -256 256 ) (-128 -256 256 ) (-128 -256 192 ) 
4 47 60 (0 -256 182.382996 ) (-128 -256 182.382996 ) (-128 -249.263000 182.382996 ) (0 -249.263000 182.382996 ) 
4 47 58 (-128 -249.263000 182.382996 ) (-128 -134.737000 182.382996 ) (0 -134.737000 182.382996 ) (0 -249.263000 182.382996 ) 
4 47 57 (-128 -249.263000 182.382996 ) (-128 -256 182.382996 ) (-128 -256 247.876022 ) (-128 -249.263000 247.876022 ) 
4 47 55 (-128 -134.737000 190.342010 ) (-128 -134.737000 182.382996 ) (-128 -249.263000 182.382996 ) (-128 -249.263000 190.342010 ) 
4 47 51 (-128 -137.473999 190.342010 ) (-128 -249.263000 190.342010 ) (-128 -249.263000 247.876022 ) (-128 -137.473999 247.876022 ) 
4 47 48 (-128 -134.737000 256 ) (-128 -134.737000 190.342010 ) (-128 -137.473999 190.342010 ) (-128 -137.473999 256 ) 
4 48 55 (-128.384995 -134.737000 190.342010 ) (-128 -134.737000 190.342010 ) (-128 -137.473999 190.342010 ) (-128.384995 -137.473999 190.342010 ) 
4 48 51 (-130.384995 -137.473999 190.342010 ) (-128 -137.473999 190.342010 ) (-128 -137.473999 247.876022 ) (-130.384995 -137.473999 247.876022 ) 
4 48 49 (-130.384995 -134.737000 256 ) (-130.384995 -134.737000 190.342010 ) (-130.384995 -137.473999 190.342010 ) (-130.384995 -137.473999 256 ) 
4 49 52 (-132.384995 -137.473999 190.342010 ) (-130.384995 -137.473999 190.342010 ) (-130.384995 -137.473999 247.876022 ) (-132.384995 -137.473999 247.876022 ) 
4 49 50 (-132.384995 -134.737000 256 ) (-132.384995 -134.737000 190.342010 ) (-132.384995 -137.473999 190.342010 ) (-132.384995 -137.473999 256 ) 
4 50 53 (-136 -137.473999 247.876022 ) (-136 -137.473999 190.342010 ) (-132.384995 -137.473999 190.342010 ) (-132.384995 -137.473999 247.876022 ) 
4 50 54 (-136 -134.737000 256 ) (-136 -134.737000 190.342010 ) (-136 -137.473999 190.342010 ) (-136 -137.473999 256 ) 
4 51 57 (-128.384995 -249.263000 190.342010 ) (-128 -249.263000 190.342010 ) (-128 -249.263000 247.876022 ) (-128.384995 -249.263000 247.876022 ) 
4 51 55 (-128 -249.263000 190.342010 ) (-128.384995 -249.263000 190.342010 ) (-128.384995 -137.473999 190.342010 ) (-128 -137.473999 190.342010 ) 
4 51 52 (-130.384995 -249.263000 247.876022 ) (-130.384995 -137.473999 247.876022 ) (-130.384995 -137.473999 190.342010 ) (-130.384995 -249.263000 190.342010 ) 
4 52 53 (-132.384995 -249.263000 247.876022 ) (-132.384995 -137.473999 247.876022 ) (-132.384995 -137.473999 190.342010 ) (-132.384995 -249.263000 190.342010 ) 
4 53 54 (-136 -137.473999 190.342010 ) (-136 -249.263000 190.342010 ) (-136 -249.263000 247.876022 ) (-136 -137.473999 247.876022 ) 
4 54 56 (-136.384995 -249.263000 256 ) (-136.384995 -249.263000 255 ) (-136 -249.263000 255 ) (-136 -249.263000 256 ) 
4 54 61 (-136.384995 -134.737000 256 ) (-136.384995 -134.737000 190.342010 ) (-136.384995 -249.263000 190.342010 ) (-136.384995 -249.263000 256 ) 
4 55 58 (-128.384995 -134.737000 182.382996 ) (-128 -134.737000 182.382996 ) (-128 -249.263000 182.382996 ) (-128.384995 -249.263000 182.382996 ) 
4 55 57 (-128.384995 -249.263000 182.382996 ) (-128 -249.263000 182.382996 ) (-128 -249.263000 190.342010 ) (-128.384995 -249.263000 190.342010 ) 
4 56 61 (-136.384995 -256 255 ) (-136.384995 -256 256 ) (-136.384995 -249.263000 256 ) (-136.384995 -249.263000 255 ) 
4 57 60 (-128 -256 182.382996 ) (-128.384995 -256 182.382996 ) (-128.384995 -249.263000 182.382996 ) (-128 -249.263000 182.382996 ) 
4 58 60 (0 -249.263000 182.382996 ) (-128.384995 -249.263000 182.382996 ) (-128.384995 -249.263000 64 ) (0 -249.263000 64 ) 
4 59 61 (-136.384995 -134.737000 182.382996 ) (-136.384995 -134.737000 64 ) (-136.384995 -249.263000 64 ) (-136.384995 -249.263000 182.382996 ) 
4 60 72 (-128 -256 64 ) (0 -256 64 ) (0 -256 182.382996 ) (-128 -256 182.382996 ) 
4 61 66 (-248 -134.737000 184 ) (-248 -134.737000 64 ) (-248 -249.263000 64 ) (-248 -249.263000 184 ) 
4 61 65 (-248 -134.737000 184.850021 ) (-248 -134.737000 184 ) (-248 -249.263000 184 ) (-248 -249.263000 184.850021 ) 
4 61 62 (-248 -134.737000 247.876022 ) (-248 -134.737000 192.973999 ) (-248 -249.263000 192.973999 ) (-248 -249.263000 247.876022 ) 
4 62 63 (-250 -134.737000 192.973999 ) (-250 -249.263000 192.973999 ) (-250 -249.263000 247.876022 ) (-250 -134.737000 247.876022 ) 
4 63 64 (-252 -134.737000 192.973999 ) (-252 -249.263000 192.973999 ) (-252 -249.263000 247.876022 ) (-252 -134.737000 247.876022 ) 
4 64 68 (-256 -134.737000 247.876022 ) (-256 -134.737000 192.973999 ) (-256 -249.263000 192.973999 ) (-256 -249.263000 247.876022 ) 
4 65 69 (-256 -134.737000 184.850021 ) (-256 -134.737000 184 ) (-256 -249.263000 184 ) (-256 -249.263000 184.850021 ) 
4 65 66 (-248 -249.263000 184 ) (-250 -249.263000 184 ) (-250 -134.737000 184 ) (-248 -134.737000 184 ) 
4 65 67 (-254 -249.263000 184 ) (-256 -249.263000 184 ) (-256 -134.737000 184 ) (-254 -134.737000 184 ) 
4 67 69 (-256 -134.737000 184 ) (-256 -134.737000 64 ) (-256 -249.263000 64 ) (-256 -249.263000 184 ) 
4 68 69 (-320 -134.737000 192 ) (-256 -134.737000 192 ) (-256 -256 192 ) (-320 -256 192 ) 
4 69 73 (-320 -256 64 ) (-256 -256 64 ) (-256 -256 192 ) (-320 -256 192 ) 
4 70 74 (0 -320 320 ) (0 -768 320 ) (-128 -768 320 ) (-128 -320 320 ) 
4 70 71 (-128 -256 320 ) (0 -256 320 ) (0 -320 320 ) (-128 -320 320 ) 
4 71 77 (-128 -320 256 ) (-128 -320 192 ) (0 -320 192 ) (0 -320 256 ) 
4 71 74 (0 -320 320 ) (-128 -320 320 ) (-128 -320 256 ) (0 -320 256 ) 
4 71 72 (0 -320 192 ) (-128 -320 192 ) (-128 -256 192 ) (0 -256 192 ) 
4 72 77 (-128 -320 64 ) (0 -320 64 ) (0 -320 192 ) (-128 -320 192 ) 
4 73 85 (-320 -320 64 ) (-256 -320 64 ) (-256 -320 192 ) (-320 -320 192 ) 
4 74 100 (0 -704 256 ) (0 -768 256 ) (-128 -768 256 ) (-128 -704 256 ) 
4 74 97 (0 -696 256 ) (0 -704 256 ) (-128 -704 256 ) (-128 -696 256 ) 
4 74 89 (0 -472 256 ) (0 -696 256 ) (-128 -696 256 ) (-128 -472 256 ) 
4 74 87 (0 -464 256 ) (0 -472 256 ) (-128 -472 256 ) (-128 -464 256 ) 
4 74 78 (0 -328 256 ) (0 -464 256 ) (-128 -464 256 ) (-128 -328 256 ) 
4 74 77 (-128 -320 256 ) (0 -320 256 ) (0 -328 256 ) (-128 -328 256 ) 
4 75 91 (-160 -512 256 ) (-352 -512 256 ) (-352 -472 256 ) (-160 -472 256 ) 
4 75 88 (-352 -472 256 ) (-352 -464 256 ) (-160 -464 256 ) (-160 -472 256 ) 
4 75 86 (-352 -464 256 ) (-352 -448 256 ) (-320 -448 256 ) (-320 -464 256 ) 
4 75 85 (-320 -448 256 ) (-160 -448 256 ) (-160 -464 256 ) (-320 -464 256 ) 
4 76 91 (-352 -576 256 ) (-160 -576 256 ) (-160 -640 256 ) (-352 -640 256 ) 
4 77 82 (-132 -328 64 ) (0 -328 64 ) (0 -328 183 ) (-132 -328 183 ) 
4 77 81 (0 -328 183 ) (0 -328 191 ) (-132 -328 191 ) (-132 -328 183 ) 
4 77 78 (0 -328 191 ) (0 -328 256 ) (-132 -328 256 ) (-132 -328 191 ) 
4 78 87 (0 -464 256 ) (-132 -464 256 ) (-132 -464 191 ) (0 -464 191 ) 
4 78 81 (0 -464 191 ) (-132 -464 191 ) (-132 -328 191 ) (0 -328 191 ) 
4 78 79 (-134 -328 256 ) (-134 -328 191 ) (-134 -464 191 ) (-134 -464 256 ) 
4 79 80 (-136 -328 256 ) (-136 -328 191 ) (-136 -464 191 ) (-136 -464 256 ) 
4 80 85 (-140 -464 191 ) (-140 -464 256 ) (-140 -328 256 ) (-140 -328 191 ) 
4 81 87 (-132 -464 183 ) (0 -464 183 ) (0 -464 191 ) (-132 -464 191 ) 
4 81 82 (0 -464 183 ) (-132 -464 183 ) (-132 -328 183 ) (0 -328 183 ) 
4 82 87 (-132 -464 64 ) (0 -464 64 ) (0 -464 183 ) (-132 -464 183 ) 
4 82 83 (-134 -464 64 ) (-134 -464 183 ) (-134 -328 183 ) (-134 -328 64 ) 
4 83 84 (-136 -464 64 ) (-136 -464 183 ) (-136 -328 183 ) (-136 -328 64 ) 
4 84 85 (-140 -464 64 ) (-140 -464 183 ) (-140 -328 183 ) (-140 -328 64 ) 
4 85 88 (-140 -464 256 ) (-320 -464 256 ) (-320 -464 64 ) (-140 -464 64 ) 
4 85 86 (-320 -464 64 ) (-320 -464 256 ) (-320 -448 256 ) (-320 -448 64 ) 
4 86 88 (-320 -464 256 ) (-384 -464 256 ) (-384 -464 64 ) (-320 -464 64 ) 
4 87 94 (-132 -472 183 ) (-132 -472 64 ) (0 -472 64 ) (0 -472 183 ) 
4 87 92 (-132 -472 191 ) (-132 -472 183 ) (0 -472 183 ) (0 -472 191 ) 
4 87 89 (0 -472 256 ) (-132 -472 256 ) (-132 -472 191 ) (0 -472 191 ) 
4 88 96 (-384 -472 183 ) (-384 -472 64 ) (-140 -472 64 ) (-140 -472 183 ) 
4 88 93 (-384 -472 191 ) (-384 -472 183 ) (-140 -472 183 ) (-140 -472 191 ) 
4 88 91 (-140 -472 256 ) (-384 -472 256 ) (-384 -472 191 ) (-140 -472 191 ) 
4 89 97 (0 -696 256 ) (-132 -696 256 ) (-132 -696 191 ) (0 -696 191 ) 
4 89 92 (0 -696 191 ) (-132 -696 191 ) (-132 -472 191 ) (0 -472 191 ) 
4 89 90 (-134 -472 256 ) (-134 -472 191 ) (-134 -696 191 ) (-134 -696 256 ) 
4 90 91 (-136 -472 256 ) (-136 -472 191 ) (-136 -696 191 ) (-136 -696 256 ) 
4 91 99 (-140 -696 256 ) (-384 -696 256 ) (-384 -696 191 ) (-140 -696 191 ) 
4 91 93 (-140 -696 191 ) (-384 -696 191 ) (-384 -472 191 ) (-140 -472 191 ) 
4 92 97 (-132 -696 183 ) (0 -696 183 ) (0 -696 191 ) (-132 -696 191 ) 
4 92 94 (0 -696 183 ) (-132 -696 183 ) (-132 -472 183 ) (0 -472 183 ) 
4 93 99 (-384 -696 191 ) (-384 -696 183 ) (-140 -696 183 ) (-140 -696 191 ) 
4 93 96 (-140 -696 183 ) (-384 -696 183 ) (-384 -472 183 ) (-140 -472 183 ) 
4 94 98 (-134 -696 64 ) (-132 -696 64 ) (-132 -696 65.641602 ) (-134 -696 65.641602 ) 
4 94 97 (-132 -696 64 ) (0 -696 64 ) (0 -696 183 ) (-132 -696 183 ) 
4 94 95 (-134 -696 64 ) (-134 -696 183 ) (-134 -472 183 ) (-134 -472 64 ) 
4 95 98 (-136 -696 64 ) (-134 -696 64 ) (-134 -696 65.641602 ) (-136 -696 65.641602 ) 
4 95 96 (-136 -696 64 ) (-136 -696 183 ) (-136 -472 183 ) (-136 -472 64 ) 
4 96 98 (-140 -696 64 ) (-136 -696 64 ) (-136 -696 65.641602 ) (-140 -696 65.641602 ) 
4 96 99 (-384 -696 183 ) (-384 -696 64 ) (-140 -696 64 ) (-140 -696 183 ) 
4 97 100 (0 -704 256 ) (-128 -704 256 ) (-128 -704 64 ) (0 -704 64 ) 
4 97 98 (-132 -696 65.641602 ) (-132 -696 64 ) (-132 -704 64 ) (-132 -704 65.641602 ) 
4 98 99 (-140 -696 65.641602 ) (-140 -696 64 ) (-140 -704 64 ) (-140 -704 65.641602 ) 
