


materialPath: C:\Program Files (x86)\Steam\steamapps\sourcemods\MalMetro\materials
Loading c:\program files (x86)\steam\steamapps\sourcemods\malmetro\maps\mp_a1_b0_laboratories.vmf
ConVarRef mat_reduceparticles doesn't point to an existing ConVar
Could not locate 'GameData' key in c:\program files (x86)\steam\steamapps\sourcemods\malmetro\gameinfo.txt
fixing up env_cubemap materials on brush sides...
0...1...2...3...4...5...6...7...8...9...100...1...2...3...4...5...6...7...8...9...10Processing areas...done (0)
Building Faces...done (0)
FixTjuncs...
PruneNodes...
WriteBSP...
done (0)
writing c:\program files (x86)\steam\steamapps\sourcemods\malmetro\maps\mp_a1_b0_laboratories.prt...Building visibility clusters...
done (0)
Creating default LDR cubemaps for env_cubemap using skybox materials:
   skybox/sky_day01_01*.vmt
 ! Run buildcubemaps in the engine to get the correct cube maps.
Creating default HDR cubemaps for env_cubemap using skybox materials:
   skybox/sky_day01_01*.vmt
 ! Run buildcubemaps in the engine to get the correct cube maps.
Finding displacement neighbors...
Finding lightmap sample positions...
Displacement Alpha : 0...1...2...3...4...5...6...7...8...9...10
Building Physics collision data...
done (0) (26114 bytes)
Error! To use model "models/props_generic/plant_office.mdl"
      with prop_static, it must be compiled with $staticprop!
Error loading studio model "models/props_generic/plant_office.mdl"!
Error! To use model "models/healthvial.mdl"
      with prop_static, it must be compiled with $staticprop!
Error loading studio model "models/healthvial.mdl"!
Error! prop_static using model "models/props_lab/labcupboard_wall01a_door.mdl", which must be used on a dynamic entity (i.e. prop_physics). Deleted.
Error loading studio model "models/props_lab/labcupboard_wall01a_door.mdl"!
Error! prop_static using model "models/props_lab/labcupboard_wall01b_door.mdl", which must be used on a dynamic entity (i.e. prop_physics). Deleted.
Error loading studio model "models/props_lab/labcupboard_wall01b_door.mdl"!
Error! prop_static using model "models/props_office/desk_cantilever01a.mdl", which must be used on a dynamic entity (i.e. prop_physics). Deleted.
Error loading studio model "models/props_office/desk_cantilever01a.mdl"!
Error! To use model "models/props_questionableethics/microscope.mdl"
      with prop_static, it must be compiled with $staticprop!
Error loading studio model "models/props_questionableethics/microscope.mdl"!
Error! To use model "models/props_office/office_chair.mdl"
      with prop_static, it must be compiled with $staticprop!
Error loading studio model "models/props_office/office_chair.mdl"!
Error! prop_static using model "models/props_lab/monitor02.mdl", which must be used on a dynamic entity (i.e. prop_physics). Deleted.
Error loading studio model "models/props_lab/monitor02.mdl"!
Error! prop_static using model "models/props_office/computer_keyboard02.mdl", which must be used on a dynamic entity (i.e. prop_physics). Deleted.
Error loading studio model "models/props_office/computer_keyboard02.mdl"!
Placing detail props : 0...1...2...3...4...5...6...7...8...9...10
Compacting texture/material tables...
Reduced 105 texinfos to 78
Reduced 22 texdatas to 22 (538 bytes to 538)
Writing c:\program files (x86)\steam\steamapps\sourcemods\malmetro\maps\mp_a1_b0_laboratories.bsp
Wrote ZIP buffer, estimated size 105929, actual size 105715
0 seconds elapsed



8 threads
reading c:\program files (x86)\steam\steamapps\sourcemods\malmetro\maps\mp_a1_b0_laboratories.bsp
reading c:\program files (x86)\steam\steamapps\sourcemods\malmetro\maps\mp_a1_b0_laboratories.prt
  97 portalclusters
 229 numportals
0...1...2...3...4...5...6...7...8...9...100...1...2...3...4...5...6...7...8...9...10Optimized: 5 visible clusters (0.08%)
Total clusters visible: 6030
Average clusters visible: 62
Building PAS...
Average clusters audible: 96
visdatasize:3302  compressed from 3104
writing c:\program files (x86)\steam\steamapps\sourcemods\malmetro\maps\mp_a1_b0_laboratories.bsp
0 seconds elapsed



Could not find lights.rad in lights.rad.
Trying VRAD BIN directory instead...
Warning: Couldn't open texlight file C:\Program Files (x86)\Steam\steamapps\common\Source SDK Base 2013 Multiplayer\bin\lights.rad.
Loading c:\program files (x86)\steam\steamapps\sourcemods\malmetro\maps\mp_a1_b0_laboratories.bsp
Error! Unable to load file "models/props_am/locker_bench.dx80.vtx"
Error! Unable to load file "models/props_blackmesa/bms_vent_64_01.dx80.vtx"
Error! Unable to load file "models/props_lab/labcupboard_wall01a.dx80.vtx"
Error! Unable to load file "models/props_canteen/vacuumflask01b_cup.dx80.vtx"
Error! Unable to load file "models/props_office/desk01_static.dx80.vtx"
338 faces
16824 square feet [2422674.25 square inches]
0 Displacements
0 Square Feet [0.00 Square Inches]
338 patches before subdivision
3488 patches after subdivision
7 direct lights
0...1...2...3...4...5...6...7...8...9...100...1...2...3...4...5...6...7...8...9...10transfers 301493, max 346
transfer lists:   2.3 megs
0...1...2...3...4...5...6...7...8...9...10	Bounce #1 added RGB(5816, 5345, 4508)
0...1...2...3...4...5...6...7...8...9...10	Bounce #2 added RGB(2444, 2309, 1875)
0...1...2...3...4...5...6...7...8...9...10	Bounce #3 added RGB(734, 713, 548)
0...1...2...3...4...5...6...7...8...9...10	Bounce #4 added RGB(271, 269, 198)
0...1...2...3...4...5...6...7...8...9...10	Bounce #5 added RGB(85, 88, 61)
0...1...2...3...4...5...6...7...8...9...10	Bounce #6 added RGB(30, 31, 21)
0...1...2...3...4...5...6...7...8...9...10	Bounce #7 added RGB(10, 10, 7)
0...1...2...3...4...5...6...7...8...9...10	Bounce #8 added RGB(3, 4, 2)
0...1...2...3...4...5...6...7...8...9...10	Bounce #9 added RGB(1, 1, 1)
0...1...2...3...4...5...6...7...8...9...10	Bounce #10 added RGB(0, 0, 0)
Build Patch/Sample Hash Table(s).....Done<0.0009 sec>
0...1...2...3...4...5...6...7...8...9...10FinalLightFace Done
0 of 0 (0% of) surface lights went in leaf ambient cubes.
0...1...2...3...4...5...6...7...8...9...10Writing leaf ambient...done
Ready to Finish

Object names       Objects/Maxobjs  Memory / Maxmem  Fullness 
------------       ---------------  ---------------  -------- 
models                   1/1024           48/49152    ( 0.1%) 
brushes                 73/8192          876/98304    ( 0.9%) 
brushsides             440/65536        3520/524288   ( 0.7%) 
planes                 164/65536        3280/1310720  ( 0.3%) 
vertexes               486/65536        5832/786432   ( 0.7%) 
nodes                  167/65536        5344/2097152  ( 0.3%) 
texinfos                78/12288        5616/884736   ( 0.6%) 
texdata                 22/2048          704/65536    ( 1.1%) 
dispinfos                0/0               0/0        ( 0.0%) 
disp_verts               0/0               0/0        ( 0.0%) 
disp_tris                0/0               0/0        ( 0.0%) 
disp_lmsamples           0/0               0/0        ( 0.0%) 
faces                  338/65536       18928/3670016  ( 0.5%) 
hdr faces                0/65536           0/3670016  ( 0.0%) 
origfaces              161/65536        9016/3670016  ( 0.2%) 
leaves                 169/65536        5408/2097152  ( 0.3%) 
leaffaces              428/65536         856/131072   ( 0.7%) 
leafbrushes            117/65536         234/131072   ( 0.2%) 
areas                    2/256            16/2048     ( 0.8%) 
surfedges             2213/512000       8852/2048000  ( 0.4%) 
edges                 1324/256000       5296/1024000  ( 0.5%) 
LDR worldlights          7/8192          616/720896   ( 0.1%) 
HDR worldlights          0/8192            0/720896   ( 0.0%) 
leafwaterdata            0/32768           0/393216   ( 0.0%) 
waterstrips             41/32768         410/327680   ( 0.1%) 
waterverts               0/65536           0/786432   ( 0.0%) 
waterindices           639/65536        1278/131072   ( 1.0%) 
cubemapsamples           0/1024            0/16384    ( 0.0%) 
overlays                 2/512           704/180224   ( 0.4%) 
LDR lightdata         [variable]      153412/0        ( 0.0%) 
HDR lightdata         [variable]           0/0        ( 0.0%) 
visdata               [variable]        3302/16777216 ( 0.0%) 
entdata               [variable]        3540/393216   ( 0.9%) 
LDR ambient table      169/65536         676/262144   ( 0.3%) 
HDR ambient table      169/65536         676/262144   ( 0.3%) 
LDR leaf ambient       755/65536       21140/1835008  ( 1.2%) 
HDR leaf ambient       169/65536        4732/1835008  ( 0.3%) 
occluders                0/0               0/0        ( 0.0%) 
occluder polygons        0/0               0/0        ( 0.0%) 
occluder vert ind        0/0               0/0        ( 0.0%) 
detail props          [variable]           1/12       ( 8.3%) 
static props          [variable]           1/2484     ( 0.0%) 
pakfile               [variable]      105715/0        ( 0.0%) 
physics               [variable]       26114/4194304  ( 0.6%) 
physics terrain       [variable]           2/1048576  ( 0.0%) 

Level flags = 0

Total triangle count: 893
Writing c:\program files (x86)\steam\steamapps\sourcemods\malmetro\maps\mp_a1_b0_laboratories.bsp
0 seconds elapsed



Could not find lights.rad in lights.rad.
Trying VRAD BIN directory instead...
Warning: Couldn't open texlight file C:\Program Files (x86)\Steam\steamapps\common\Source SDK Base 2013 Multiplayer\bin\lights.rad.
Loading c:\program files (x86)\steam\steamapps\sourcemods\malmetro\maps\mp_a1_b0_laboratories.bsp
Error! Unable to load file "models/props_am/locker_bench.dx80.vtx"
Error! Unable to load file "models/props_blackmesa/bms_vent_64_01.dx80.vtx"
Error! Unable to load file "models/props_lab/labcupboard_wall01a.dx80.vtx"
Error! Unable to load file "models/props_canteen/vacuumflask01b_cup.dx80.vtx"
Error! Unable to load file "models/props_office/desk01_static.dx80.vtx"
338 faces
16824 square feet [2422674.25 square inches]
0 Displacements
0 Square Feet [0.00 Square Inches]
338 patches before subdivision
3488 patches after subdivision
7 direct lights
0...1...2...3...4...5...6...7...8...9...100...1...2...3...4...5...6...7...8...9...10transfers 301493, max 346
transfer lists:   2.3 megs
0...1...2...3...4...5...6...7...8...9...10	Bounce #1 added RGB(5817, 5345, 4508)
0...1...2...3...4...5...6...7...8...9...10	Bounce #2 added RGB(2444, 2309, 1875)
0...1...2...3...4...5...6...7...8...9...10	Bounce #3 added RGB(734, 713, 548)
0...1...2...3...4...5...6...7...8...9...10	Bounce #4 added RGB(271, 269, 198)
0...1...2...3...4...5...6...7...8...9...10	Bounce #5 added RGB(85, 88, 61)
0...1...2...3...4...5...6...7...8...9...10	Bounce #6 added RGB(30, 31, 21)
0...1...2...3...4...5...6...7...8...9...10	Bounce #7 added RGB(10, 10, 7)
0...1...2...3...4...5...6...7...8...9...10	Bounce #8 added RGB(3, 4, 2)
0...1...2...3...4...5...6...7...8...9...10	Bounce #9 added RGB(1, 1, 1)
0...1...2...3...4...5...6...7...8...9...10	Bounce #10 added RGB(0, 0, 0)
Build Patch/Sample Hash Table(s).....Done<0.0006 sec>
0...1...2...3...4...5...6...7...8...9...10FinalLightFace Done
0 of 0 (0% of) surface lights went in leaf ambient cubes.
0...1...2...3...4...5...6...7...8...9...10Writing leaf ambient...done
Ready to Finish

Object names       Objects/Maxobjs  Memory / Maxmem  Fullness 
------------       ---------------  ---------------  -------- 
models                   1/1024           48/49152    ( 0.1%) 
brushes                 73/8192          876/98304    ( 0.9%) 
brushsides             440/65536        3520/524288   ( 0.7%) 
planes                 164/65536        3280/1310720  ( 0.3%) 
vertexes               486/65536        5832/786432   ( 0.7%) 
nodes                  167/65536        5344/2097152  ( 0.3%) 
texinfos                78/12288        5616/884736   ( 0.6%) 
texdata                 22/2048          704/65536    ( 1.1%) 
dispinfos                0/0               0/0        ( 0.0%) 
disp_verts               0/0               0/0        ( 0.0%) 
disp_tris                0/0               0/0        ( 0.0%) 
disp_lmsamples           0/0               0/0        ( 0.0%) 
faces                  338/65536       18928/3670016  ( 0.5%) 
hdr faces              338/65536       18928/3670016  ( 0.5%) 
origfaces              161/65536        9016/3670016  ( 0.2%) 
leaves                 169/65536        5408/2097152  ( 0.3%) 
leaffaces              428/65536         856/131072   ( 0.7%) 
leafbrushes            117/65536         234/131072   ( 0.2%) 
areas                    2/256            16/2048     ( 0.8%) 
surfedges             2213/512000       8852/2048000  ( 0.4%) 
edges                 1324/256000       5296/1024000  ( 0.5%) 
LDR worldlights          7/8192          616/720896   ( 0.1%) 
HDR worldlights          7/8192          616/720896   ( 0.1%) 
leafwaterdata            0/32768           0/393216   ( 0.0%) 
waterstrips             41/32768         410/327680   ( 0.1%) 
waterverts               0/65536           0/786432   ( 0.0%) 
waterindices           639/65536        1278/131072   ( 1.0%) 
cubemapsamples           0/1024            0/16384    ( 0.0%) 
overlays                 2/512           704/180224   ( 0.4%) 
LDR lightdata         [variable]      153412/0        ( 0.0%) 
HDR lightdata         [variable]      153412/0        ( 0.0%) 
visdata               [variable]        3302/16777216 ( 0.0%) 
entdata               [variable]        3540/393216   ( 0.9%) 
LDR ambient table      169/65536         676/262144   ( 0.3%) 
HDR ambient table      169/65536         676/262144   ( 0.3%) 
LDR leaf ambient       755/65536       21140/1835008  ( 1.2%) 
HDR leaf ambient       755/65536       21140/1835008  ( 1.2%) 
occluders                0/0               0/0        ( 0.0%) 
occluder polygons        0/0               0/0        ( 0.0%) 
occluder vert ind        0/0               0/0        ( 0.0%) 
detail props          [variable]           1/12       ( 8.3%) 
static props          [variable]           1/2484     ( 0.0%) 
pakfile               [variable]      105715/0        ( 0.0%) 
physics               [variable]       26114/4194304  ( 0.6%) 
physics terrain       [variable]           2/1048576  ( 0.0%) 

Level flags = 0

Total triangle count: 893
Writing c:\program files (x86)\steam\steamapps\sourcemods\malmetro\maps\mp_a1_b0_laboratories.bsp
1 second elapsed



materialPath: C:\Program Files (x86)\Steam\steamapps\sourcemods\MalMetro\materials
Loading c:\program files (x86)\steam\steamapps\sourcemods\malmetro\maps\mp_a1_b0_laboratories.vmf
ConVarRef mat_reduceparticles doesn't point to an existing ConVar
Could not locate 'GameData' key in c:\program files (x86)\steam\steamapps\sourcemods\malmetro\gameinfo.txt
fixing up env_cubemap materials on brush sides...
0...1...2...3...4...5...6...7...8...9...100...1...2...3...4...5...6...7...8...9...10Processing areas...done (0)
Building Faces...done (0)
FixTjuncs...
PruneNodes...
WriteBSP...
done (0)
writing c:\program files (x86)\steam\steamapps\sourcemods\malmetro\maps\mp_a1_b0_laboratories.prt...Building visibility clusters...
done (0)
Creating default LDR cubemaps for env_cubemap using skybox materials:
   skybox/sky_day01_01*.vmt
 ! Run buildcubemaps in the engine to get the correct cube maps.
Creating default HDR cubemaps for env_cubemap using skybox materials:
   skybox/sky_day01_01*.vmt
 ! Run buildcubemaps in the engine to get the correct cube maps.
Finding displacement neighbors...
Finding lightmap sample positions...
Displacement Alpha : 0...1...2...3...4...5...6...7...8...9...10
Building Physics collision data...
done (0) (29682 bytes)
Error! To use model "models/props_generic/plant_office.mdl"
      with prop_static, it must be compiled with $staticprop!
Error loading studio model "models/props_generic/plant_office.mdl"!
Error! To use model "models/healthvial.mdl"
      with prop_static, it must be compiled with $staticprop!
Error loading studio model "models/healthvial.mdl"!
Error! prop_static using model "models/props_lab/labcupboard_wall01a_door.mdl", which must be used on a dynamic entity (i.e. prop_physics). Deleted.
Error loading studio model "models/props_lab/labcupboard_wall01a_door.mdl"!
Error! prop_static using model "models/props_lab/labcupboard_wall01b_door.mdl", which must be used on a dynamic entity (i.e. prop_physics). Deleted.
Error loading studio model "models/props_lab/labcupboard_wall01b_door.mdl"!
Error! prop_static using model "models/props_office/desk_cantilever01a.mdl", which must be used on a dynamic entity (i.e. prop_physics). Deleted.
Error loading studio model "models/props_office/desk_cantilever01a.mdl"!
Error! To use model "models/props_questionableethics/microscope.mdl"
      with prop_static, it must be compiled with $staticprop!
Error loading studio model "models/props_questionableethics/microscope.mdl"!
Error! prop_static using model "models/props_lab/monitor02.mdl", which must be used on a dynamic entity (i.e. prop_physics). Deleted.
Error loading studio model "models/props_lab/monitor02.mdl"!
Error! prop_static using model "models/props_office/computer_keyboard02.mdl", which must be used on a dynamic entity (i.e. prop_physics). Deleted.
Error loading studio model "models/props_office/computer_keyboard02.mdl"!
Error! prop_static using model "models/props_lab/beaker01a.mdl", which must be used on a dynamic entity (i.e. prop_physics). Deleted.
Error loading studio model "models/props_lab/beaker01a.mdl"!
Error! prop_static using model "models/props_lab/beaker01b.mdl", which must be used on a dynamic entity (i.e. prop_physics). Deleted.
Error loading studio model "models/props_lab/beaker01b.mdl"!
Error loading studio model "humans/scientist.mdl"!
Placing detail props : 0...1...2...3...4...5...6...7...8...9...10
Compacting texture/material tables...
Reduced 118 texinfos to 88
Reduced 23 texdatas to 23 (567 bytes to 567)
Writing c:\program files (x86)\steam\steamapps\sourcemods\malmetro\maps\mp_a1_b0_laboratories.bsp
Wrote ZIP buffer, estimated size 105929, actual size 105715
0 seconds elapsed



8 threads
reading c:\program files (x86)\steam\steamapps\sourcemods\malmetro\maps\mp_a1_b0_laboratories.bsp
reading c:\program files (x86)\steam\steamapps\sourcemods\malmetro\maps\mp_a1_b0_laboratories.prt
  92 portalclusters
 224 numportals
0...1...2...3...4...5...6...7...8...9...100...1...2...3...4...5...6...7...8...9...10Optimized: 2 visible clusters (0.04%)
Total clusters visible: 5690
Average clusters visible: 61
Building PAS...
Average clusters audible: 91
visdatasize:2972  compressed from 2944
writing c:\program files (x86)\steam\steamapps\sourcemods\malmetro\maps\mp_a1_b0_laboratories.bsp
0 seconds elapsed



Could not find lights.rad in lights.rad.
Trying VRAD BIN directory instead...
Warning: Couldn't open texlight file C:\Program Files (x86)\Steam\steamapps\common\Source SDK Base 2013 Multiplayer\bin\lights.rad.
Loading c:\program files (x86)\steam\steamapps\sourcemods\malmetro\maps\mp_a1_b0_laboratories.bsp
Error! Unable to load file "models/props_am/locker_bench.dx80.vtx"
Error! Unable to load file "models/props_blackmesa/bms_vent_64_01.dx80.vtx"
Error! Unable to load file "models/props_lab/labcupboard_wall01a.dx80.vtx"
Error! Unable to load file "models/props_canteen/vacuumflask01b_cup.dx80.vtx"
Error! Unable to load file "models/props_office/desk01_static.dx80.vtx"
Error! Unable to load file "models/props_office/light_ceiling.dx80.vtx"
356 faces
16482 square feet [2373522.00 square inches]
0 Displacements
0 Square Feet [0.00 Square Inches]
356 patches before subdivision
3422 patches after subdivision
7 direct lights
0...1...2...3...4...5...6...7...8...9...100...1...2...3...4...5...6...7...8...9...10transfers 292265, max 348
transfer lists:   2.2 megs
0...1...2...3...4...5...6...7...8...9...10	Bounce #1 added RGB(5671, 5211, 4397)
0...1...2...3...4...5...6...7...8...9...10	Bounce #2 added RGB(2141, 2032, 1644)
0...1...2...3...4...5...6...7...8...9...10	Bounce #3 added RGB(652, 637, 489)
0...1...2...3...4...5...6...7...8...9...10	Bounce #4 added RGB(212, 215, 157)
0...1...2...3...4...5...6...7...8...9...10	Bounce #5 added RGB(65, 68, 48)
0...1...2...3...4...5...6...7...8...9...10	Bounce #6 added RGB(20, 22, 15)
0...1...2...3...4...5...6...7...8...9...10	Bounce #7 added RGB(6, 7, 5)
0...1...2...3...4...5...6...7...8...9...10	Bounce #8 added RGB(2, 2, 1)
0...1...2...3...4...5...6...7...8...9...10	Bounce #9 added RGB(1, 1, 0)
Build Patch/Sample Hash Table(s).....Done<0.0004 sec>
0...1...2...3...4...5...6...7...8...9...10FinalLightFace Done
0 of 0 (0% of) surface lights went in leaf ambient cubes.
0...1...2...3...4...5...6...7...8...9...10Writing leaf ambient...done
Ready to Finish

Object names       Objects/Maxobjs  Memory / Maxmem  Fullness 
------------       ---------------  ---------------  -------- 
models                   1/1024           48/49152    ( 0.1%) 
brushes                 83/8192          996/98304    ( 1.0%) 
brushsides             500/65536        4000/524288   ( 0.8%) 
planes                 180/65536        3600/1310720  ( 0.3%) 
vertexes               535/65536        6420/786432   ( 0.8%) 
nodes                  175/65536        5600/2097152  ( 0.3%) 
texinfos                88/12288        6336/884736   ( 0.7%) 
texdata                 23/2048          736/65536    ( 1.1%) 
dispinfos                0/0               0/0        ( 0.0%) 
disp_verts               0/0               0/0        ( 0.0%) 
disp_tris                0/0               0/0        ( 0.0%) 
disp_lmsamples           0/0               0/0        ( 0.0%) 
faces                  356/65536       19936/3670016  ( 0.5%) 
hdr faces                0/65536           0/3670016  ( 0.0%) 
origfaces              177/65536        9912/3670016  ( 0.3%) 
leaves                 177/65536        5664/2097152  ( 0.3%) 
leaffaces              436/65536         872/131072   ( 0.7%) 
leafbrushes            128/65536         256/131072   ( 0.2%) 
areas                    2/256            16/2048     ( 0.8%) 
surfedges             2376/512000       9504/2048000  ( 0.5%) 
edges                 1455/256000       5820/1024000  ( 0.6%) 
LDR worldlights          7/8192          616/720896   ( 0.1%) 
HDR worldlights          0/8192            0/720896   ( 0.0%) 
leafwaterdata            0/32768           0/393216   ( 0.0%) 
waterstrips             43/32768         430/327680   ( 0.1%) 
waterverts               0/65536           0/786432   ( 0.0%) 
waterindices           681/65536        1362/131072   ( 1.0%) 
cubemapsamples           0/1024            0/16384    ( 0.0%) 
overlays                 3/512          1056/180224   ( 0.6%) 
LDR lightdata         [variable]      152884/0        ( 0.0%) 
HDR lightdata         [variable]           0/0        ( 0.0%) 
visdata               [variable]        2972/16777216 ( 0.0%) 
entdata               [variable]        6656/393216   ( 1.7%) 
LDR ambient table      177/65536         708/262144   ( 0.3%) 
HDR ambient table      177/65536         708/262144   ( 0.3%) 
LDR leaf ambient       693/65536       19404/1835008  ( 1.1%) 
HDR leaf ambient       177/65536        4956/1835008  ( 0.3%) 
occluders                0/0               0/0        ( 0.0%) 
occluder polygons        0/0               0/0        ( 0.0%) 
occluder vert ind        0/0               0/0        ( 0.0%) 
detail props          [variable]           1/12       ( 8.3%) 
static props          [variable]           1/4378     ( 0.0%) 
pakfile               [variable]      105715/0        ( 0.0%) 
physics               [variable]       29682/4194304  ( 0.7%) 
physics terrain       [variable]           2/1048576  ( 0.0%) 

Level flags = 0

Total triangle count: 956
Writing c:\program files (x86)\steam\steamapps\sourcemods\malmetro\maps\mp_a1_b0_laboratories.bsp
0 seconds elapsed



Could not find lights.rad in lights.rad.
Trying VRAD BIN directory instead...
Warning: Couldn't open texlight file C:\Program Files (x86)\Steam\steamapps\common\Source SDK Base 2013 Multiplayer\bin\lights.rad.
Loading c:\program files (x86)\steam\steamapps\sourcemods\malmetro\maps\mp_a1_b0_laboratories.bsp
Error! Unable to load file "models/props_am/locker_bench.dx80.vtx"
Error! Unable to load file "models/props_blackmesa/bms_vent_64_01.dx80.vtx"
Error! Unable to load file "models/props_lab/labcupboard_wall01a.dx80.vtx"
Error! Unable to load file "models/props_canteen/vacuumflask01b_cup.dx80.vtx"
Error! Unable to load file "models/props_office/desk01_static.dx80.vtx"
Error! Unable to load file "models/props_office/light_ceiling.dx80.vtx"
356 faces
16482 square feet [2373522.00 square inches]
0 Displacements
0 Square Feet [0.00 Square Inches]
356 patches before subdivision
3422 patches after subdivision
7 direct lights
0...1...2...3...4...5...6...7...8...9...100...1...2...3...4...5...6...7...8...9...10transfers 292265, max 348
transfer lists:   2.2 megs
0...1...2...3...4...5...6...7...8...9...10	Bounce #1 added RGB(5671, 5211, 4397)
0...1...2...3...4...5...6...7...8...9...10	Bounce #2 added RGB(2141, 2032, 1644)
0...1...2...3...4...5...6...7...8...9...10	Bounce #3 added RGB(652, 636, 489)
0...1...2...3...4...5...6...7...8...9...10	Bounce #4 added RGB(212, 215, 157)
0...1...2...3...4...5...6...7...8...9...10	Bounce #5 added RGB(65, 68, 48)
0...1...2...3...4...5...6...7...8...9...10	Bounce #6 added RGB(20, 22, 15)
0...1...2...3...4...5...6...7...8...9...10	Bounce #7 added RGB(6, 7, 5)
0...1...2...3...4...5...6...7...8...9...10	Bounce #8 added RGB(2, 2, 1)
0...1...2...3...4...5...6...7...8...9...10	Bounce #9 added RGB(1, 1, 0)
Build Patch/Sample Hash Table(s).....Done<0.0004 sec>
0...1...2...3...4...5...6...7...8...9...10FinalLightFace Done
0 of 0 (0% of) surface lights went in leaf ambient cubes.
0...1...2...3...4...5...6...7...8...9...10Writing leaf ambient...done
Ready to Finish

Object names       Objects/Maxobjs  Memory / Maxmem  Fullness 
------------       ---------------  ---------------  -------- 
models                   1/1024           48/49152    ( 0.1%) 
brushes                 83/8192          996/98304    ( 1.0%) 
brushsides             500/65536        4000/524288   ( 0.8%) 
planes                 180/65536        3600/1310720  ( 0.3%) 
vertexes               535/65536        6420/786432   ( 0.8%) 
nodes                  175/65536        5600/2097152  ( 0.3%) 
texinfos                88/12288        6336/884736   ( 0.7%) 
texdata                 23/2048          736/65536    ( 1.1%) 
dispinfos                0/0               0/0        ( 0.0%) 
disp_verts               0/0               0/0        ( 0.0%) 
disp_tris                0/0               0/0        ( 0.0%) 
disp_lmsamples           0/0               0/0        ( 0.0%) 
faces                  356/65536       19936/3670016  ( 0.5%) 
hdr faces              356/65536       19936/3670016  ( 0.5%) 
origfaces              177/65536        9912/3670016  ( 0.3%) 
leaves                 177/65536        5664/2097152  ( 0.3%) 
leaffaces              436/65536         872/131072   ( 0.7%) 
leafbrushes            128/65536         256/131072   ( 0.2%) 
areas                    2/256            16/2048     ( 0.8%) 
surfedges             2376/512000       9504/2048000  ( 0.5%) 
edges                 1455/256000       5820/1024000  ( 0.6%) 
LDR worldlights          7/8192          616/720896   ( 0.1%) 
HDR worldlights          7/8192          616/720896   ( 0.1%) 
leafwaterdata            0/32768           0/393216   ( 0.0%) 
waterstrips             43/32768         430/327680   ( 0.1%) 
waterverts               0/65536           0/786432   ( 0.0%) 
waterindices           681/65536        1362/131072   ( 1.0%) 
cubemapsamples           0/1024            0/16384    ( 0.0%) 
overlays                 3/512          1056/180224   ( 0.6%) 
LDR lightdata         [variable]      152884/0        ( 0.0%) 
HDR lightdata         [variable]      152884/0        ( 0.0%) 
visdata               [variable]        2972/16777216 ( 0.0%) 
entdata               [variable]        6656/393216   ( 1.7%) 
LDR ambient table      177/65536         708/262144   ( 0.3%) 
HDR ambient table      177/65536         708/262144   ( 0.3%) 
LDR leaf ambient       693/65536       19404/1835008  ( 1.1%) 
HDR leaf ambient       693/65536       19404/1835008  ( 1.1%) 
occluders                0/0               0/0        ( 0.0%) 
occluder polygons        0/0               0/0        ( 0.0%) 
occluder vert ind        0/0               0/0        ( 0.0%) 
detail props          [variable]           1/12       ( 8.3%) 
static props          [variable]           1/4378     ( 0.0%) 
pakfile               [variable]      105715/0        ( 0.0%) 
physics               [variable]       29682/4194304  ( 0.7%) 
physics terrain       [variable]           2/1048576  ( 0.0%) 

Level flags = 0

Total triangle count: 956
Writing c:\program files (x86)\steam\steamapps\sourcemods\malmetro\maps\mp_a1_b0_laboratories.bsp
0 seconds elapsed



materialPath: C:\Program Files (x86)\Steam\steamapps\sourcemods\MalMetro\materials
Loading c:\program files (x86)\steam\steamapps\sourcemods\malmetro\maps\mp_a1_b0_laboratories.vmf
ConVarRef mat_reduceparticles doesn't point to an existing ConVar
Could not locate 'GameData' key in c:\program files (x86)\steam\steamapps\sourcemods\malmetro\gameinfo.txt
fixing up env_cubemap materials on brush sides...
0...1...2...3...4...5...6...7...8...9...100...1...2...3...4...5...6...7...8...9...10Processing areas...done (0)
Building Faces...done (0)
FixTjuncs...
PruneNodes...
WriteBSP...
done (0)
writing c:\program files (x86)\steam\steamapps\sourcemods\malmetro\maps\mp_a1_b0_laboratories.prt...Building visibility clusters...
done (0)
Creating default LDR cubemaps for env_cubemap using skybox materials:
   skybox/sky_day01_01*.vmt
 ! Run buildcubemaps in the engine to get the correct cube maps.
Creating default HDR cubemaps for env_cubemap using skybox materials:
   skybox/sky_day01_01*.vmt
 ! Run buildcubemaps in the engine to get the correct cube maps.
Finding displacement neighbors...
Finding lightmap sample positions...
Displacement Alpha : 0...1...2...3...4...5...6...7...8...9...10
Building Physics collision data...
done (0) (29682 bytes)
Error! To use model "models/props_generic/plant_office.mdl"
      with prop_static, it must be compiled with $staticprop!
Error loading studio model "models/props_generic/plant_office.mdl"!
Error! To use model "models/healthvial.mdl"
      with prop_static, it must be compiled with $staticprop!
Error loading studio model "models/healthvial.mdl"!
Error! prop_static using model "models/props_lab/labcupboard_wall01a_door.mdl", which must be used on a dynamic entity (i.e. prop_physics). Deleted.
Error loading studio model "models/props_lab/labcupboard_wall01a_door.mdl"!
Error! prop_static using model "models/props_lab/labcupboard_wall01b_door.mdl", which must be used on a dynamic entity (i.e. prop_physics). Deleted.
Error loading studio model "models/props_lab/labcupboard_wall01b_door.mdl"!
Error! prop_static using model "models/props_office/desk_cantilever01a.mdl", which must be used on a dynamic entity (i.e. prop_physics). Deleted.
Error loading studio model "models/props_office/desk_cantilever01a.mdl"!
Error! To use model "models/props_questionableethics/microscope.mdl"
      with prop_static, it must be compiled with $staticprop!
Error loading studio model "models/props_questionableethics/microscope.mdl"!
Error! prop_static using model "models/props_lab/monitor02.mdl", which must be used on a dynamic entity (i.e. prop_physics). Deleted.
Error loading studio model "models/props_lab/monitor02.mdl"!
Error! prop_static using model "models/props_office/computer_keyboard02.mdl", which must be used on a dynamic entity (i.e. prop_physics). Deleted.
Error loading studio model "models/props_office/computer_keyboard02.mdl"!
Error! prop_static using model "models/props_lab/beaker01a.mdl", which must be used on a dynamic entity (i.e. prop_physics). Deleted.
Error loading studio model "models/props_lab/beaker01a.mdl"!
Error! prop_static using model "models/props_lab/beaker01b.mdl", which must be used on a dynamic entity (i.e. prop_physics). Deleted.
Error loading studio model "models/props_lab/beaker01b.mdl"!
Placing detail props : 0...1...2...3...4...5...6...7...8...9...10
Compacting texture/material tables...
Reduced 118 texinfos to 88
Reduced 23 texdatas to 23 (567 bytes to 567)
Writing c:\program files (x86)\steam\steamapps\sourcemods\malmetro\maps\mp_a1_b0_laboratories.bsp
Wrote ZIP buffer, estimated size 105929, actual size 105715
0 seconds elapsed



8 threads
reading c:\program files (x86)\steam\steamapps\sourcemods\malmetro\maps\mp_a1_b0_laboratories.bsp
reading c:\program files (x86)\steam\steamapps\sourcemods\malmetro\maps\mp_a1_b0_laboratories.prt
  92 portalclusters
 224 numportals
0...1...2...3...4...5...6...7...8...9...100...1...2...3...4...5...6...7...8...9...10Optimized: 2 visible clusters (0.04%)
Total clusters visible: 5690
Average clusters visible: 61
Building PAS...
Average clusters audible: 91
visdatasize:2972  compressed from 2944
writing c:\program files (x86)\steam\steamapps\sourcemods\malmetro\maps\mp_a1_b0_laboratories.bsp
0 seconds elapsed



Could not find lights.rad in lights.rad.
Trying VRAD BIN directory instead...
Warning: Couldn't open texlight file C:\Program Files (x86)\Steam\steamapps\common\Source SDK Base 2013 Multiplayer\bin\lights.rad.
Loading c:\program files (x86)\steam\steamapps\sourcemods\malmetro\maps\mp_a1_b0_laboratories.bsp
Error! Unable to load file "models/props_am/locker_bench.dx80.vtx"
Error! Unable to load file "models/props_blackmesa/bms_vent_64_01.dx80.vtx"
Error! Unable to load file "models/props_lab/labcupboard_wall01a.dx80.vtx"
Error! Unable to load file "models/props_canteen/vacuumflask01b_cup.dx80.vtx"
Error! Unable to load file "models/props_office/desk01_static.dx80.vtx"
Error! Unable to load file "models/props_office/light_ceiling.dx80.vtx"
356 faces
16482 square feet [2373522.00 square inches]
0 Displacements
0 Square Feet [0.00 Square Inches]
356 patches before subdivision
3422 patches after subdivision
7 direct lights
0...1...2...3...4...5...6...7...8...9...100...1...2...3...4...5...6...7...8...9...10transfers 292265, max 348
transfer lists:   2.2 megs
0...1...2...3...4...5...6...7...8...9...10	Bounce #1 added RGB(5671, 5211, 4397)
0...1...2...3...4...5...6...7...8...9...10	Bounce #2 added RGB(2141, 2032, 1644)
0...1...2...3...4...5...6...7...8...9...10	Bounce #3 added RGB(652, 636, 489)
0...1...2...3...4...5...6...7...8...9...10	Bounce #4 added RGB(212, 215, 157)
0...1...2...3...4...5...6...7...8...9...10	Bounce #5 added RGB(65, 68, 48)
0...1...2...3...4...5...6...7...8...9...10	Bounce #6 added RGB(20, 22, 15)
0...1...2...3...4...5...6...7...8...9...10	Bounce #7 added RGB(6, 7, 5)
0...1...2...3...4...5...6...7...8...9...10	Bounce #8 added RGB(2, 2, 1)
0...1...2...3...4...5...6...7...8...9...10	Bounce #9 added RGB(1, 1, 0)
Build Patch/Sample Hash Table(s).....Done<0.0004 sec>
0...1...2...3...4...5...6...7...8...9...10FinalLightFace Done
0 of 0 (0% of) surface lights went in leaf ambient cubes.
0...1...2...3...4...5...6...7...8...9...10Writing leaf ambient...done
Ready to Finish

Object names       Objects/Maxobjs  Memory / Maxmem  Fullness 
------------       ---------------  ---------------  -------- 
models                   1/1024           48/49152    ( 0.1%) 
brushes                 83/8192          996/98304    ( 1.0%) 
brushsides             500/65536        4000/524288   ( 0.8%) 
planes                 180/65536        3600/1310720  ( 0.3%) 
vertexes               535/65536        6420/786432   ( 0.8%) 
nodes                  175/65536        5600/2097152  ( 0.3%) 
texinfos                88/12288        6336/884736   ( 0.7%) 
texdata                 23/2048          736/65536    ( 1.1%) 
dispinfos                0/0               0/0        ( 0.0%) 
disp_verts               0/0               0/0        ( 0.0%) 
disp_tris                0/0               0/0        ( 0.0%) 
disp_lmsamples           0/0               0/0        ( 0.0%) 
faces                  356/65536       19936/3670016  ( 0.5%) 
hdr faces                0/65536           0/3670016  ( 0.0%) 
origfaces              177/65536        9912/3670016  ( 0.3%) 
leaves                 177/65536        5664/2097152  ( 0.3%) 
leaffaces              436/65536         872/131072   ( 0.7%) 
leafbrushes            128/65536         256/131072   ( 0.2%) 
areas                    2/256            16/2048     ( 0.8%) 
surfedges             2376/512000       9504/2048000  ( 0.5%) 
edges                 1455/256000       5820/1024000  ( 0.6%) 
LDR worldlights          7/8192          616/720896   ( 0.1%) 
HDR worldlights          0/8192            0/720896   ( 0.0%) 
leafwaterdata            0/32768           0/393216   ( 0.0%) 
waterstrips             43/32768         430/327680   ( 0.1%) 
waterverts               0/65536           0/786432   ( 0.0%) 
waterindices           681/65536        1362/131072   ( 1.0%) 
cubemapsamples           0/1024            0/16384    ( 0.0%) 
overlays                 3/512          1056/180224   ( 0.6%) 
LDR lightdata         [variable]      152884/0        ( 0.0%) 
HDR lightdata         [variable]           0/0        ( 0.0%) 
visdata               [variable]        2972/16777216 ( 0.0%) 
entdata               [variable]        7552/393216   ( 1.9%) 
LDR ambient table      177/65536         708/262144   ( 0.3%) 
HDR ambient table      177/65536         708/262144   ( 0.3%) 
LDR leaf ambient       693/65536       19404/1835008  ( 1.1%) 
HDR leaf ambient       177/65536        4956/1835008  ( 0.3%) 
occluders                0/0               0/0        ( 0.0%) 
occluder polygons        0/0               0/0        ( 0.0%) 
occluder vert ind        0/0               0/0        ( 0.0%) 
detail props          [variable]           1/12       ( 8.3%) 
static props          [variable]           1/4378     ( 0.0%) 
pakfile               [variable]      105715/0        ( 0.0%) 
physics               [variable]       29682/4194304  ( 0.7%) 
physics terrain       [variable]           2/1048576  ( 0.0%) 

Level flags = 0

Total triangle count: 956
Writing c:\program files (x86)\steam\steamapps\sourcemods\malmetro\maps\mp_a1_b0_laboratories.bsp
0 seconds elapsed



Could not find lights.rad in lights.rad.
Trying VRAD BIN directory instead...
Warning: Couldn't open texlight file C:\Program Files (x86)\Steam\steamapps\common\Source SDK Base 2013 Multiplayer\bin\lights.rad.
Loading c:\program files (x86)\steam\steamapps\sourcemods\malmetro\maps\mp_a1_b0_laboratories.bsp
Error! Unable to load file "models/props_am/locker_bench.dx80.vtx"
Error! Unable to load file "models/props_blackmesa/bms_vent_64_01.dx80.vtx"
Error! Unable to load file "models/props_lab/labcupboard_wall01a.dx80.vtx"
Error! Unable to load file "models/props_canteen/vacuumflask01b_cup.dx80.vtx"
Error! Unable to load file "models/props_office/desk01_static.dx80.vtx"
Error! Unable to load file "models/props_office/light_ceiling.dx80.vtx"
356 faces
16482 square feet [2373522.00 square inches]
0 Displacements
0 Square Feet [0.00 Square Inches]
356 patches before subdivision
3422 patches after subdivision
7 direct lights
0...1...2...3...4...5...6...7...8...9...100...1...2...3...4...5...6...7...8...9...10transfers 292265, max 348
transfer lists:   2.2 megs
0...1...2...3...4...5...6...7...8...9...10	Bounce #1 added RGB(5671, 5211, 4397)
0...1...2...3...4...5...6...7...8...9...10	Bounce #2 added RGB(2141, 2032, 1644)
0...1...2...3...4...5...6...7...8...9...10	Bounce #3 added RGB(652, 637, 489)
0...1...2...3...4...5...6...7...8...9...10	Bounce #4 added RGB(212, 215, 157)
0...1...2...3...4...5...6...7...8...9...10	Bounce #5 added RGB(65, 68, 48)
0...1...2...3...4...5...6...7...8...9...10	Bounce #6 added RGB(20, 22, 15)
0...1...2...3...4...5...6...7...8...9...10	Bounce #7 added RGB(6, 7, 5)
0...1...2...3...4...5...6...7...8...9...10	Bounce #8 added RGB(2, 2, 1)
0...1...2...3...4...5...6...7...8...9...10	Bounce #9 added RGB(1, 1, 0)
Build Patch/Sample Hash Table(s).....Done<0.0004 sec>
0...1...2...3...4...5...6...7...8...9...10FinalLightFace Done
0 of 0 (0% of) surface lights went in leaf ambient cubes.
0...1...2...3...4...5...6...7...8...9...10Writing leaf ambient...done
Ready to Finish

Object names       Objects/Maxobjs  Memory / Maxmem  Fullness 
------------       ---------------  ---------------  -------- 
models                   1/1024           48/49152    ( 0.1%) 
brushes                 83/8192          996/98304    ( 1.0%) 
brushsides             500/65536        4000/524288   ( 0.8%) 
planes                 180/65536        3600/1310720  ( 0.3%) 
vertexes               535/65536        6420/786432   ( 0.8%) 
nodes                  175/65536        5600/2097152  ( 0.3%) 
texinfos                88/12288        6336/884736   ( 0.7%) 
texdata                 23/2048          736/65536    ( 1.1%) 
dispinfos                0/0               0/0        ( 0.0%) 
disp_verts               0/0               0/0        ( 0.0%) 
disp_tris                0/0               0/0        ( 0.0%) 
disp_lmsamples           0/0               0/0        ( 0.0%) 
faces                  356/65536       19936/3670016  ( 0.5%) 
hdr faces              356/65536       19936/3670016  ( 0.5%) 
origfaces              177/65536        9912/3670016  ( 0.3%) 
leaves                 177/65536        5664/2097152  ( 0.3%) 
leaffaces              436/65536         872/131072   ( 0.7%) 
leafbrushes            128/65536         256/131072   ( 0.2%) 
areas                    2/256            16/2048     ( 0.8%) 
surfedges             2376/512000       9504/2048000  ( 0.5%) 
edges                 1455/256000       5820/1024000  ( 0.6%) 
LDR worldlights          7/8192          616/720896   ( 0.1%) 
HDR worldlights          7/8192          616/720896   ( 0.1%) 
leafwaterdata            0/32768           0/393216   ( 0.0%) 
waterstrips             43/32768         430/327680   ( 0.1%) 
waterverts               0/65536           0/786432   ( 0.0%) 
waterindices           681/65536        1362/131072   ( 1.0%) 
cubemapsamples           0/1024            0/16384    ( 0.0%) 
overlays                 3/512          1056/180224   ( 0.6%) 
LDR lightdata         [variable]      152884/0        ( 0.0%) 
HDR lightdata         [variable]      152884/0        ( 0.0%) 
visdata               [variable]        2972/16777216 ( 0.0%) 
entdata               [variable]        7552/393216   ( 1.9%) 
LDR ambient table      177/65536         708/262144   ( 0.3%) 
HDR ambient table      177/65536         708/262144   ( 0.3%) 
LDR leaf ambient       693/65536       19404/1835008  ( 1.1%) 
HDR leaf ambient       693/65536       19404/1835008  ( 1.1%) 
occluders                0/0               0/0        ( 0.0%) 
occluder polygons        0/0               0/0        ( 0.0%) 
occluder vert ind        0/0               0/0        ( 0.0%) 
detail props          [variable]           1/12       ( 8.3%) 
static props          [variable]           1/4378     ( 0.0%) 
pakfile               [variable]      105715/0        ( 0.0%) 
physics               [variable]       29682/4194304  ( 0.7%) 
physics terrain       [variable]           2/1048576  ( 0.0%) 

Level flags = 0

Total triangle count: 956
Writing c:\program files (x86)\steam\steamapps\sourcemods\malmetro\maps\mp_a1_b0_laboratories.bsp
1 second elapsed



materialPath: C:\Program Files (x86)\Steam\steamapps\sourcemods\MalMetro\materials
Loading c:\program files (x86)\steam\steamapps\sourcemods\malmetro\maps\mp_a1_b0_laboratories.vmf
ConVarRef mat_reduceparticles doesn't point to an existing ConVar
Could not locate 'GameData' key in c:\program files (x86)\steam\steamapps\sourcemods\malmetro\gameinfo.txt
fixing up env_cubemap materials on brush sides...
0...1...2...3...4...5...6...7...8...9...100...1...2...3...4...5...6...7...8...9...10Processing areas...done (0)
Building Faces...done (0)
FixTjuncs...
PruneNodes...
WriteBSP...
done (0)
writing c:\program files (x86)\steam\steamapps\sourcemods\malmetro\maps\mp_a1_b0_laboratories.prt...Building visibility clusters...
done (0)
Creating default LDR cubemaps for env_cubemap using skybox materials:
   skybox/sky_day01_01*.vmt
 ! Run buildcubemaps in the engine to get the correct cube maps.
Creating default HDR cubemaps for env_cubemap using skybox materials:
   skybox/sky_day01_01*.vmt
 ! Run buildcubemaps in the engine to get the correct cube maps.
Finding displacement neighbors...
Finding lightmap sample positions...
Displacement Alpha : 0...1...2...3...4...5...6...7...8...9...10
Building Physics collision data...
done (0) (30236 bytes)
Error! To use model "models/props_generic/plant_office.mdl"
      with prop_static, it must be compiled with $staticprop!
Error loading studio model "models/props_generic/plant_office.mdl"!
Error! To use model "models/healthvial.mdl"
      with prop_static, it must be compiled with $staticprop!
Error loading studio model "models/healthvial.mdl"!
Error! prop_static using model "models/props_lab/labcupboard_wall01a_door.mdl", which must be used on a dynamic entity (i.e. prop_physics). Deleted.
Error loading studio model "models/props_lab/labcupboard_wall01a_door.mdl"!
Error! prop_static using model "models/props_lab/labcupboard_wall01b_door.mdl", which must be used on a dynamic entity (i.e. prop_physics). Deleted.
Error loading studio model "models/props_lab/labcupboard_wall01b_door.mdl"!
Error! prop_static using model "models/props_office/desk_cantilever01a.mdl", which must be used on a dynamic entity (i.e. prop_physics). Deleted.
Error loading studio model "models/props_office/desk_cantilever01a.mdl"!
Error! To use model "models/props_questionableethics/microscope.mdl"
      with prop_static, it must be compiled with $staticprop!
Error loading studio model "models/props_questionableethics/microscope.mdl"!
Error! prop_static using model "models/props_lab/monitor02.mdl", which must be used on a dynamic entity (i.e. prop_physics). Deleted.
Error loading studio model "models/props_lab/monitor02.mdl"!
Error! prop_static using model "models/props_office/computer_keyboard02.mdl", which must be used on a dynamic entity (i.e. prop_physics). Deleted.
Error loading studio model "models/props_office/computer_keyboard02.mdl"!
Error! prop_static using model "models/props_lab/beaker01a.mdl", which must be used on a dynamic entity (i.e. prop_physics). Deleted.
Error loading studio model "models/props_lab/beaker01a.mdl"!
Error! prop_static using model "models/props_lab/beaker01b.mdl", which must be used on a dynamic entity (i.e. prop_physics). Deleted.
Error loading studio model "models/props_lab/beaker01b.mdl"!
Placing detail props : 0...1...2...3...4...5...6...7...8...9...10
Compacting texture/material tables...
Reduced 124 texinfos to 91
Reduced 24 texdatas to 24 (586 bytes to 586)
Writing c:\program files (x86)\steam\steamapps\sourcemods\malmetro\maps\mp_a1_b0_laboratories.bsp
Wrote ZIP buffer, estimated size 105929, actual size 105715
0 seconds elapsed



8 threads
reading c:\program files (x86)\steam\steamapps\sourcemods\malmetro\maps\mp_a1_b0_laboratories.bsp
reading c:\program files (x86)\steam\steamapps\sourcemods\malmetro\maps\mp_a1_b0_laboratories.prt
  92 portalclusters
 224 numportals
0...1...2...3...4...5...6...7...8...9...100...1...2...3...4...5...6...7...8...9...10Optimized: 2 visible clusters (0.04%)
Total clusters visible: 5690
Average clusters visible: 61
Building PAS...
Average clusters audible: 91
visdatasize:2972  compressed from 2944
writing c:\program files (x86)\steam\steamapps\sourcemods\malmetro\maps\mp_a1_b0_laboratories.bsp
0 seconds elapsed



Could not find lights.rad in lights.rad.
Trying VRAD BIN directory instead...
Warning: Couldn't open texlight file C:\Program Files (x86)\Steam\steamapps\common\Source SDK Base 2013 Multiplayer\bin\lights.rad.
Loading c:\program files (x86)\steam\steamapps\sourcemods\malmetro\maps\mp_a1_b0_laboratories.bsp
Error! Unable to load file "models/props_am/locker_bench.dx80.vtx"
Error! Unable to load file "models/props_blackmesa/bms_vent_64_01.dx80.vtx"
Error! Unable to load file "models/props_lab/labcupboard_wall01a.dx80.vtx"
Error! Unable to load file "models/props_canteen/vacuumflask01b_cup.dx80.vtx"
Error! Unable to load file "models/props_office/desk01_static.dx80.vtx"
Error! Unable to load file "models/props_office/light_ceiling.dx80.vtx"
362 faces
17919 square feet [2580370.00 square inches]
0 Displacements
0 Square Feet [0.00 Square Inches]
362 patches before subdivision
3428 patches after subdivision
7 direct lights
0...1...2...3...4...5...6...7...8...9...100...1...2...3...4...5...6...7...8...9...10transfers 292665, max 348
transfer lists:   2.2 megs
0...1...2...3...4...5...6...7...8...9...10	Bounce #1 added RGB(5677, 5216, 4401)
0...1...2...3...4...5...6...7...8...9...10	Bounce #2 added RGB(2142, 2034, 1645)
0...1...2...3...4...5...6...7...8...9...10	Bounce #3 added RGB(652, 637, 489)
0...1...2...3...4...5...6...7...8...9...10	Bounce #4 added RGB(212, 215, 157)
0...1...2...3...4...5...6...7...8...9...10	Bounce #5 added RGB(65, 68, 48)
0...1...2...3...4...5...6...7...8...9...10	Bounce #6 added RGB(20, 22, 15)
0...1...2...3...4...5...6...7...8...9...10	Bounce #7 added RGB(6, 7, 5)
0...1...2...3...4...5...6...7...8...9...10	Bounce #8 added RGB(2, 2, 1)
0...1...2...3...4...5...6...7...8...9...10	Bounce #9 added RGB(1, 1, 0)
Build Patch/Sample Hash Table(s).....Done<0.0004 sec>
0...1...2...3...4...5...6...7...8...9...10FinalLightFace Done
0 of 0 (0% of) surface lights went in leaf ambient cubes.
0...1...2...3...4...5...6...7...8...9...10Writing leaf ambient...done
Ready to Finish

Object names       Objects/Maxobjs  Memory / Maxmem  Fullness 
------------       ---------------  ---------------  -------- 
models                   2/1024           96/49152    ( 0.2%) 
brushes                 84/8192         1008/98304    ( 1.0%) 
brushsides             506/65536        4048/524288   ( 0.8%) 
planes                 196/65536        3920/1310720  ( 0.3%) 
vertexes               543/65536        6516/786432   ( 0.8%) 
nodes                  181/65536        5792/2097152  ( 0.3%) 
texinfos                91/12288        6552/884736   ( 0.7%) 
texdata                 24/2048          768/65536    ( 1.2%) 
dispinfos                0/0               0/0        ( 0.0%) 
disp_verts               0/0               0/0        ( 0.0%) 
disp_tris                0/0               0/0        ( 0.0%) 
disp_lmsamples           0/0               0/0        ( 0.0%) 
faces                  362/65536       20272/3670016  ( 0.6%) 
hdr faces                0/65536           0/3670016  ( 0.0%) 
origfaces              183/65536       10248/3670016  ( 0.3%) 
leaves                 184/65536        5888/2097152  ( 0.3%) 
leaffaces              442/65536         884/131072   ( 0.7%) 
leafbrushes            129/65536         258/131072   ( 0.2%) 
areas                    2/256            16/2048     ( 0.8%) 
surfedges             2424/512000       9696/2048000  ( 0.5%) 
edges                 1479/256000       5916/1024000  ( 0.6%) 
LDR worldlights          7/8192          616/720896   ( 0.1%) 
HDR worldlights          0/8192            0/720896   ( 0.0%) 
leafwaterdata            0/32768           0/393216   ( 0.0%) 
waterstrips             43/32768         430/327680   ( 0.1%) 
waterverts               0/65536           0/786432   ( 0.0%) 
waterindices           681/65536        1362/131072   ( 1.0%) 
cubemapsamples           0/1024            0/16384    ( 0.0%) 
overlays                 3/512          1056/180224   ( 0.6%) 
LDR lightdata         [variable]      152884/0        ( 0.0%) 
HDR lightdata         [variable]           0/0        ( 0.0%) 
visdata               [variable]        2972/16777216 ( 0.0%) 
entdata               [variable]        7700/393216   ( 2.0%) 
LDR ambient table      184/65536         736/262144   ( 0.3%) 
HDR ambient table      184/65536         736/262144   ( 0.3%) 
LDR leaf ambient       742/65536       20776/1835008  ( 1.1%) 
HDR leaf ambient       184/65536        5152/1835008  ( 0.3%) 
occluders                0/0               0/0        ( 0.0%) 
occluder polygons        0/0               0/0        ( 0.0%) 
occluder vert ind        0/0               0/0        ( 0.0%) 
detail props          [variable]           1/12       ( 8.3%) 
static props          [variable]           1/4378     ( 0.0%) 
pakfile               [variable]      105715/0        ( 0.0%) 
physics               [variable]       30236/4194304  ( 0.7%) 
physics terrain       [variable]           2/1048576  ( 0.0%) 

Level flags = 0

Total triangle count: 968
Writing c:\program files (x86)\steam\steamapps\sourcemods\malmetro\maps\mp_a1_b0_laboratories.bsp
0 seconds elapsed



Could not find lights.rad in lights.rad.
Trying VRAD BIN directory instead...
Warning: Couldn't open texlight file C:\Program Files (x86)\Steam\steamapps\common\Source SDK Base 2013 Multiplayer\bin\lights.rad.
Loading c:\program files (x86)\steam\steamapps\sourcemods\malmetro\maps\mp_a1_b0_laboratories.bsp
Error! Unable to load file "models/props_am/locker_bench.dx80.vtx"
Error! Unable to load file "models/props_blackmesa/bms_vent_64_01.dx80.vtx"
Error! Unable to load file "models/props_lab/labcupboard_wall01a.dx80.vtx"
Error! Unable to load file "models/props_canteen/vacuumflask01b_cup.dx80.vtx"
Error! Unable to load file "models/props_office/desk01_static.dx80.vtx"
Error! Unable to load file "models/props_office/light_ceiling.dx80.vtx"
362 faces
17919 square feet [2580370.00 square inches]
0 Displacements
0 Square Feet [0.00 Square Inches]
362 patches before subdivision
3428 patches after subdivision
7 direct lights
0...1...2...3...4...5...6...7...8...9...100...1...2...3...4...5...6...7...8...9...10transfers 292665, max 348
transfer lists:   2.2 megs
0...1...2...3...4...5...6...7...8...9...10	Bounce #1 added RGB(5677, 5216, 4401)
0...1...2...3...4...5...6...7...8...9...10	Bounce #2 added RGB(2142, 2034, 1645)
0...1...2...3...4...5...6...7...8...9...10	Bounce #3 added RGB(652, 637, 489)
0...1...2...3...4...5...6...7...8...9...10	Bounce #4 added RGB(212, 215, 157)
0...1...2...3...4...5...6...7...8...9...10	Bounce #5 added RGB(65, 68, 48)
0...1...2...3...4...5...6...7...8...9...10	Bounce #6 added RGB(20, 22, 15)
0...1...2...3...4...5...6...7...8...9...10	Bounce #7 added RGB(6, 7, 5)
0...1...2...3...4...5...6...7...8...9...10	Bounce #8 added RGB(2, 2, 1)
0...1...2...3...4...5...6...7...8...9...10	Bounce #9 added RGB(1, 1, 0)
Build Patch/Sample Hash Table(s).....Done<0.0004 sec>
0...1...2...3...4...5...6...7...8...9...10FinalLightFace Done
0 of 0 (0% of) surface lights went in leaf ambient cubes.
0...1...2...3...4...5...6...7...8...9...10Writing leaf ambient...done
Ready to Finish

Object names       Objects/Maxobjs  Memory / Maxmem  Fullness 
------------       ---------------  ---------------  -------- 
models                   2/1024           96/49152    ( 0.2%) 
brushes                 84/8192         1008/98304    ( 1.0%) 
brushsides             506/65536        4048/524288   ( 0.8%) 
planes                 196/65536        3920/1310720  ( 0.3%) 
vertexes               543/65536        6516/786432   ( 0.8%) 
nodes                  181/65536        5792/2097152  ( 0.3%) 
texinfos                91/12288        6552/884736   ( 0.7%) 
texdata                 24/2048          768/65536    ( 1.2%) 
dispinfos                0/0               0/0        ( 0.0%) 
disp_verts               0/0               0/0        ( 0.0%) 
disp_tris                0/0               0/0        ( 0.0%) 
disp_lmsamples           0/0               0/0        ( 0.0%) 
faces                  362/65536       20272/3670016  ( 0.6%) 
hdr faces              362/65536       20272/3670016  ( 0.6%) 
origfaces              183/65536       10248/3670016  ( 0.3%) 
leaves                 184/65536        5888/2097152  ( 0.3%) 
leaffaces              442/65536         884/131072   ( 0.7%) 
leafbrushes            129/65536         258/131072   ( 0.2%) 
areas                    2/256            16/2048     ( 0.8%) 
surfedges             2424/512000       9696/2048000  ( 0.5%) 
edges                 1479/256000       5916/1024000  ( 0.6%) 
LDR worldlights          7/8192          616/720896   ( 0.1%) 
HDR worldlights          7/8192          616/720896   ( 0.1%) 
leafwaterdata            0/32768           0/393216   ( 0.0%) 
waterstrips             43/32768         430/327680   ( 0.1%) 
waterverts               0/65536           0/786432   ( 0.0%) 
waterindices           681/65536        1362/131072   ( 1.0%) 
cubemapsamples           0/1024            0/16384    ( 0.0%) 
overlays                 3/512          1056/180224   ( 0.6%) 
LDR lightdata         [variable]      152884/0        ( 0.0%) 
HDR lightdata         [variable]      152884/0        ( 0.0%) 
visdata               [variable]        2972/16777216 ( 0.0%) 
entdata               [variable]        7700/393216   ( 2.0%) 
LDR ambient table      184/65536         736/262144   ( 0.3%) 
HDR ambient table      184/65536         736/262144   ( 0.3%) 
LDR leaf ambient       742/65536       20776/1835008  ( 1.1%) 
HDR leaf ambient       742/65536       20776/1835008  ( 1.1%) 
occluders                0/0               0/0        ( 0.0%) 
occluder polygons        0/0               0/0        ( 0.0%) 
occluder vert ind        0/0               0/0        ( 0.0%) 
detail props          [variable]           1/12       ( 8.3%) 
static props          [variable]           1/4378     ( 0.0%) 
pakfile               [variable]      105715/0        ( 0.0%) 
physics               [variable]       30236/4194304  ( 0.7%) 
physics terrain       [variable]           2/1048576  ( 0.0%) 

Level flags = 0

Total triangle count: 968
Writing c:\program files (x86)\steam\steamapps\sourcemods\malmetro\maps\mp_a1_b0_laboratories.bsp
1 second elapsed



materialPath: C:\Program Files (x86)\Steam\steamapps\sourcemods\MalMetro\materials
Loading c:\program files (x86)\steam\steamapps\sourcemods\malmetro\maps\mp_a1_b0_laboratories.vmf
ConVarRef mat_reduceparticles doesn't point to an existing ConVar
Could not locate 'GameData' key in c:\program files (x86)\steam\steamapps\sourcemods\malmetro\gameinfo.txt
fixing up env_cubemap materials on brush sides...
0...1...2...3...4...5...6...7...8...9...100...1...2...3...4...5...6...7...8...9...10Processing areas...done (0)
Building Faces...done (0)
FixTjuncs...
PruneNodes...
WriteBSP...
done (0)
writing c:\program files (x86)\steam\steamapps\sourcemods\malmetro\maps\mp_a1_b0_laboratories.prt...Building visibility clusters...
done (0)
Creating default LDR cubemaps for env_cubemap using skybox materials:
   skybox/sky_day01_01*.vmt
 ! Run buildcubemaps in the engine to get the correct cube maps.
Creating default HDR cubemaps for env_cubemap using skybox materials:
   skybox/sky_day01_01*.vmt
 ! Run buildcubemaps in the engine to get the correct cube maps.
Finding displacement neighbors...
Finding lightmap sample positions...
Displacement Alpha : 0...1...2...3...4...5...6...7...8...9...10
Building Physics collision data...
done (0) (30236 bytes)
Error! To use model "models/props_generic/plant_office.mdl"
      with prop_static, it must be compiled with $staticprop!
Error loading studio model "models/props_generic/plant_office.mdl"!
Error! To use model "models/healthvial.mdl"
      with prop_static, it must be compiled with $staticprop!
Error loading studio model "models/healthvial.mdl"!
Error! prop_static using model "models/props_lab/labcupboard_wall01a_door.mdl", which must be used on a dynamic entity (i.e. prop_physics). Deleted.
Error loading studio model "models/props_lab/labcupboard_wall01a_door.mdl"!
Error! prop_static using model "models/props_lab/labcupboard_wall01b_door.mdl", which must be used on a dynamic entity (i.e. prop_physics). Deleted.
Error loading studio model "models/props_lab/labcupboard_wall01b_door.mdl"!
Error! prop_static using model "models/props_office/desk_cantilever01a.mdl", which must be used on a dynamic entity (i.e. prop_physics). Deleted.
Error loading studio model "models/props_office/desk_cantilever01a.mdl"!
Error! To use model "models/props_questionableethics/microscope.mdl"
      with prop_static, it must be compiled with $staticprop!
Error loading studio model "models/props_questionableethics/microscope.mdl"!
Error! prop_static using model "models/props_lab/monitor02.mdl", which must be used on a dynamic entity (i.e. prop_physics). Deleted.
Error loading studio model "models/props_lab/monitor02.mdl"!
Error! prop_static using model "models/props_office/computer_keyboard02.mdl", which must be used on a dynamic entity (i.e. prop_physics). Deleted.
Error loading studio model "models/props_office/computer_keyboard02.mdl"!
Error! prop_static using model "models/props_lab/beaker01a.mdl", which must be used on a dynamic entity (i.e. prop_physics). Deleted.
Error loading studio model "models/props_lab/beaker01a.mdl"!
Error! prop_static using model "models/props_lab/beaker01b.mdl", which must be used on a dynamic entity (i.e. prop_physics). Deleted.
Error loading studio model "models/props_lab/beaker01b.mdl"!
Placing detail props : 0...1...2...3...4...5...6...7...8...9...10
Compacting texture/material tables...
Reduced 124 texinfos to 91
Reduced 24 texdatas to 24 (586 bytes to 586)
Writing c:\program files (x86)\steam\steamapps\sourcemods\malmetro\maps\mp_a1_b0_laboratories.bsp
Wrote ZIP buffer, estimated size 105929, actual size 105715
0 seconds elapsed



8 threads
reading c:\program files (x86)\steam\steamapps\sourcemods\malmetro\maps\mp_a1_b0_laboratories.bsp
reading c:\program files (x86)\steam\steamapps\sourcemods\malmetro\maps\mp_a1_b0_laboratories.prt
  92 portalclusters
 224 numportals
0...1...2...3...4...5...6...7...8...9...100...1...2...3...4...5...6...7...8...9...10Optimized: 2 visible clusters (0.04%)
Total clusters visible: 5690
Average clusters visible: 61
Building PAS...
Average clusters audible: 91
visdatasize:2972  compressed from 2944
writing c:\program files (x86)\steam\steamapps\sourcemods\malmetro\maps\mp_a1_b0_laboratories.bsp
0 seconds elapsed



Could not find lights.rad in lights.rad.
Trying VRAD BIN directory instead...
Warning: Couldn't open texlight file C:\Program Files (x86)\Steam\steamapps\common\Source SDK Base 2013 Multiplayer\bin\lights.rad.
Loading c:\program files (x86)\steam\steamapps\sourcemods\malmetro\maps\mp_a1_b0_laboratories.bsp
Error! Unable to load file "models/props_am/locker_bench.dx80.vtx"
Error! Unable to load file "models/props_blackmesa/bms_vent_64_01.dx80.vtx"
Error! Unable to load file "models/props_lab/labcupboard_wall01a.dx80.vtx"
Error! Unable to load file "models/props_canteen/vacuumflask01b_cup.dx80.vtx"
Error! Unable to load file "models/props_office/desk01_static.dx80.vtx"
Error! Unable to load file "models/props_office/light_ceiling.dx80.vtx"
362 faces
17919 square feet [2580370.00 square inches]
0 Displacements
0 Square Feet [0.00 Square Inches]
362 patches before subdivision
3428 patches after subdivision
10 direct lights
0...1...2...3...4...5...6...7...8...9...100...1...2...3...4...5...6...7...8...9...10transfers 292665, max 348
transfer lists:   2.2 megs
0...1...2...3...4...5...6...7...8...9...10	Bounce #1 added RGB(8182, 8202, 7080)
0...1...2...3...4...5...6...7...8...9...10	Bounce #2 added RGB(2791, 2949, 2398)
0...1...2...3...4...5...6...7...8...9...10	Bounce #3 added RGB(808, 893, 682)
0...1...2...3...4...5...6...7...8...9...10	Bounce #4 added RGB(255, 293, 212)
0...1...2...3...4...5...6...7...8...9...10	Bounce #5 added RGB(76, 92, 63)
0...1...2...3...4...5...6...7...8...9...10	Bounce #6 added RGB(24, 30, 19)
0...1...2...3...4...5...6...7...8...9...10	Bounce #7 added RGB(7, 9, 6)
0...1...2...3...4...5...6...7...8...9...10	Bounce #8 added RGB(2, 3, 2)
0...1...2...3...4...5...6...7...8...9...10	Bounce #9 added RGB(1, 1, 1)
Build Patch/Sample Hash Table(s).....Done<0.0004 sec>
0...1...2...3...4...5...6...7...8...9...10FinalLightFace Done
0 of 0 (0% of) surface lights went in leaf ambient cubes.
0...1...2...3...4...5...6...7...8...9...10Writing leaf ambient...done
Ready to Finish

Object names       Objects/Maxobjs  Memory / Maxmem  Fullness 
------------       ---------------  ---------------  -------- 
models                   2/1024           96/49152    ( 0.2%) 
brushes                 84/8192         1008/98304    ( 1.0%) 
brushsides             506/65536        4048/524288   ( 0.8%) 
planes                 196/65536        3920/1310720  ( 0.3%) 
vertexes               543/65536        6516/786432   ( 0.8%) 
nodes                  181/65536        5792/2097152  ( 0.3%) 
texinfos                91/12288        6552/884736   ( 0.7%) 
texdata                 24/2048          768/65536    ( 1.2%) 
dispinfos                0/0               0/0        ( 0.0%) 
disp_verts               0/0               0/0        ( 0.0%) 
disp_tris                0/0               0/0        ( 0.0%) 
disp_lmsamples           0/0               0/0        ( 0.0%) 
faces                  362/65536       20272/3670016  ( 0.6%) 
hdr faces                0/65536           0/3670016  ( 0.0%) 
origfaces              183/65536       10248/3670016  ( 0.3%) 
leaves                 184/65536        5888/2097152  ( 0.3%) 
leaffaces              442/65536         884/131072   ( 0.7%) 
leafbrushes            129/65536         258/131072   ( 0.2%) 
areas                    2/256            16/2048     ( 0.8%) 
surfedges             2424/512000       9696/2048000  ( 0.5%) 
edges                 1479/256000       5916/1024000  ( 0.6%) 
LDR worldlights         10/8192          880/720896   ( 0.1%) 
HDR worldlights          0/8192            0/720896   ( 0.0%) 
leafwaterdata            0/32768           0/393216   ( 0.0%) 
waterstrips             43/32768         430/327680   ( 0.1%) 
waterverts               0/65536           0/786432   ( 0.0%) 
waterindices           681/65536        1362/131072   ( 1.0%) 
cubemapsamples           0/1024            0/16384    ( 0.0%) 
overlays                 3/512          1056/180224   ( 0.6%) 
LDR lightdata         [variable]      152884/0        ( 0.0%) 
HDR lightdata         [variable]           0/0        ( 0.0%) 
visdata               [variable]        2972/16777216 ( 0.0%) 
entdata               [variable]        8970/393216   ( 2.3%) 
LDR ambient table      184/65536         736/262144   ( 0.3%) 
HDR ambient table      184/65536         736/262144   ( 0.3%) 
LDR leaf ambient       742/65536       20776/1835008  ( 1.1%) 
HDR leaf ambient       184/65536        5152/1835008  ( 0.3%) 
occluders                0/0               0/0        ( 0.0%) 
occluder polygons        0/0               0/0        ( 0.0%) 
occluder vert ind        0/0               0/0        ( 0.0%) 
detail props          [variable]           1/12       ( 8.3%) 
static props          [variable]           1/4378     ( 0.0%) 
pakfile               [variable]      105715/0        ( 0.0%) 
physics               [variable]       30236/4194304  ( 0.7%) 
physics terrain       [variable]           2/1048576  ( 0.0%) 

Level flags = 0

Total triangle count: 968
Writing c:\program files (x86)\steam\steamapps\sourcemods\malmetro\maps\mp_a1_b0_laboratories.bsp
0 seconds elapsed



Could not find lights.rad in lights.rad.
Trying VRAD BIN directory instead...
Warning: Couldn't open texlight file C:\Program Files (x86)\Steam\steamapps\common\Source SDK Base 2013 Multiplayer\bin\lights.rad.
Loading c:\program files (x86)\steam\steamapps\sourcemods\malmetro\maps\mp_a1_b0_laboratories.bsp
Error! Unable to load file "models/props_am/locker_bench.dx80.vtx"
Error! Unable to load file "models/props_blackmesa/bms_vent_64_01.dx80.vtx"
Error! Unable to load file "models/props_lab/labcupboard_wall01a.dx80.vtx"
Error! Unable to load file "models/props_canteen/vacuumflask01b_cup.dx80.vtx"
Error! Unable to load file "models/props_office/desk01_static.dx80.vtx"
Error! Unable to load file "models/props_office/light_ceiling.dx80.vtx"
362 faces
17919 square feet [2580370.00 square inches]
0 Displacements
0 Square Feet [0.00 Square Inches]
362 patches before subdivision
3428 patches after subdivision
10 direct lights
0...1...2...3...4...5...6...7...8...9...100...1...2...3...4...5...6...7...8...9...10transfers 292665, max 348
transfer lists:   2.2 megs
0...1...2...3...4...5...6...7...8...9...10	Bounce #1 added RGB(8182, 8203, 7080)
0...1...2...3...4...5...6...7...8...9...10	Bounce #2 added RGB(2791, 2949, 2398)
0...1...2...3...4...5...6...7...8...9...10	Bounce #3 added RGB(808, 893, 682)
0...1...2...3...4...5...6...7...8...9...10	Bounce #4 added RGB(255, 293, 212)
0...1...2...3...4...5...6...7...8...9...10	Bounce #5 added RGB(76, 92, 63)
0...1...2...3...4...5...6...7...8...9...10	Bounce #6 added RGB(24, 30, 19)
0...1...2...3...4...5...6...7...8...9...10	Bounce #7 added RGB(7, 9, 6)
0...1...2...3...4...5...6...7...8...9...10	Bounce #8 added RGB(2, 3, 2)
0...1...2...3...4...5...6...7...8...9...10	Bounce #9 added RGB(1, 1, 1)
Build Patch/Sample Hash Table(s).....Done<0.0004 sec>
0...1...2...3...4...5...6...7...8...9...10FinalLightFace Done
0 of 0 (0% of) surface lights went in leaf ambient cubes.
0...1...2...3...4...5...6...7...8...9...10Writing leaf ambient...done
Ready to Finish

Object names       Objects/Maxobjs  Memory / Maxmem  Fullness 
------------       ---------------  ---------------  -------- 
models                   2/1024           96/49152    ( 0.2%) 
brushes                 84/8192         1008/98304    ( 1.0%) 
brushsides             506/65536        4048/524288   ( 0.8%) 
planes                 196/65536        3920/1310720  ( 0.3%) 
vertexes               543/65536        6516/786432   ( 0.8%) 
nodes                  181/65536        5792/2097152  ( 0.3%) 
texinfos                91/12288        6552/884736   ( 0.7%) 
texdata                 24/2048          768/65536    ( 1.2%) 
dispinfos                0/0               0/0        ( 0.0%) 
disp_verts               0/0               0/0        ( 0.0%) 
disp_tris                0/0               0/0        ( 0.0%) 
disp_lmsamples           0/0               0/0        ( 0.0%) 
faces                  362/65536       20272/3670016  ( 0.6%) 
hdr faces              362/65536       20272/3670016  ( 0.6%) 
origfaces              183/65536       10248/3670016  ( 0.3%) 
leaves                 184/65536        5888/2097152  ( 0.3%) 
leaffaces              442/65536         884/131072   ( 0.7%) 
leafbrushes            129/65536         258/131072   ( 0.2%) 
areas                    2/256            16/2048     ( 0.8%) 
surfedges             2424/512000       9696/2048000  ( 0.5%) 
edges                 1479/256000       5916/1024000  ( 0.6%) 
LDR worldlights         10/8192          880/720896   ( 0.1%) 
HDR worldlights         10/8192          880/720896   ( 0.1%) 
leafwaterdata            0/32768           0/393216   ( 0.0%) 
waterstrips             43/32768         430/327680   ( 0.1%) 
waterverts               0/65536           0/786432   ( 0.0%) 
waterindices           681/65536        1362/131072   ( 1.0%) 
cubemapsamples           0/1024            0/16384    ( 0.0%) 
overlays                 3/512          1056/180224   ( 0.6%) 
LDR lightdata         [variable]      152884/0        ( 0.0%) 
HDR lightdata         [variable]      152884/0        ( 0.0%) 
visdata               [variable]        2972/16777216 ( 0.0%) 
entdata               [variable]        8970/393216   ( 2.3%) 
LDR ambient table      184/65536         736/262144   ( 0.3%) 
HDR ambient table      184/65536         736/262144   ( 0.3%) 
LDR leaf ambient       742/65536       20776/1835008  ( 1.1%) 
HDR leaf ambient       742/65536       20776/1835008  ( 1.1%) 
occluders                0/0               0/0        ( 0.0%) 
occluder polygons        0/0               0/0        ( 0.0%) 
occluder vert ind        0/0               0/0        ( 0.0%) 
detail props          [variable]           1/12       ( 8.3%) 
static props          [variable]           1/4378     ( 0.0%) 
pakfile               [variable]      105715/0        ( 0.0%) 
physics               [variable]       30236/4194304  ( 0.7%) 
physics terrain       [variable]           2/1048576  ( 0.0%) 

Level flags = 0

Total triangle count: 968
Writing c:\program files (x86)\steam\steamapps\sourcemods\malmetro\maps\mp_a1_b0_laboratories.bsp
1 second elapsed



materialPath: C:\Program Files (x86)\Steam\steamapps\sourcemods\MalMetro\materials
Loading c:\program files (x86)\steam\steamapps\sourcemods\malmetro\maps\mp_a1_b0_laboratories.vmf
ConVarRef mat_reduceparticles doesn't point to an existing ConVar
Could not locate 'GameData' key in c:\program files (x86)\steam\steamapps\sourcemods\malmetro\gameinfo.txt
fixing up env_cubemap materials on brush sides...
0...1...2...3...4...5...6...7...8...9...100...1...2...3...4...5...6...7...8...9...10Processing areas...done (0)
Building Faces...done (0)
FixTjuncs...
PruneNodes...
WriteBSP...
done (0)
writing c:\program files (x86)\steam\steamapps\sourcemods\malmetro\maps\mp_a1_b0_laboratories.prt...Building visibility clusters...
done (0)
Creating default LDR cubemaps for env_cubemap using skybox materials:
   skybox/sky_day01_01*.vmt
 ! Run buildcubemaps in the engine to get the correct cube maps.
Creating default HDR cubemaps for env_cubemap using skybox materials:
   skybox/sky_day01_01*.vmt
 ! Run buildcubemaps in the engine to get the correct cube maps.
Finding displacement neighbors...
Finding lightmap sample positions...
Displacement Alpha : 0...1...2...3...4...5...6...7...8...9...10
Building Physics collision data...
done (0) (31804 bytes)
Error! To use model "models/props_generic/plant_office.mdl"
      with prop_static, it must be compiled with $staticprop!
Error loading studio model "models/props_generic/plant_office.mdl"!
Error! To use model "models/healthvial.mdl"
      with prop_static, it must be compiled with $staticprop!
Error loading studio model "models/healthvial.mdl"!
Error! prop_static using model "models/props_lab/labcupboard_wall01a_door.mdl", which must be used on a dynamic entity (i.e. prop_physics). Deleted.
Error loading studio model "models/props_lab/labcupboard_wall01a_door.mdl"!
Error! prop_static using model "models/props_lab/labcupboard_wall01b_door.mdl", which must be used on a dynamic entity (i.e. prop_physics). Deleted.
Error loading studio model "models/props_lab/labcupboard_wall01b_door.mdl"!
Error! prop_static using model "models/props_lab/beaker01b.mdl", which must be used on a dynamic entity (i.e. prop_physics). Deleted.
Error loading studio model "models/props_lab/beaker01b.mdl"!
Placing detail props : 0...1...2...3...4...5...6...7...8...9...10
Compacting texture/material tables...
Reduced 141 texinfos to 102
Reduced 29 texdatas to 29 (748 bytes to 748)
Writing c:\program files (x86)\steam\steamapps\sourcemods\malmetro\maps\mp_a1_b0_laboratories.bsp
Wrote ZIP buffer, estimated size 105929, actual size 105715
0 seconds elapsed



8 threads
reading c:\program files (x86)\steam\steamapps\sourcemods\malmetro\maps\mp_a1_b0_laboratories.bsp
reading c:\program files (x86)\steam\steamapps\sourcemods\malmetro\maps\mp_a1_b0_laboratories.prt
 101 portalclusters
 244 numportals
0...1...2...3...4...5...6...7...8...9...100...1...2...3...4...5...6...7...8...9...10Optimized: 8 visible clusters (0.12%)
Total clusters visible: 6835
Average clusters visible: 67
Building PAS...
Average clusters audible: 100
visdatasize:3475  compressed from 3232
writing c:\program files (x86)\steam\steamapps\sourcemods\malmetro\maps\mp_a1_b0_laboratories.bsp
0 seconds elapsed



Could not find lights.rad in lights.rad.
Trying VRAD BIN directory instead...
Warning: Couldn't open texlight file C:\Program Files (x86)\Steam\steamapps\common\Source SDK Base 2013 Multiplayer\bin\lights.rad.
Loading c:\program files (x86)\steam\steamapps\sourcemods\malmetro\maps\mp_a1_b0_laboratories.bsp
Error! Unable to load file "models/props_am/locker_bench.dx80.vtx"
Error! Unable to load file "models/props_blackmesa/bms_vent_64_01.dx80.vtx"
Error! Unable to load file "models/props_lab/labcupboard_wall01a.dx80.vtx"
Error! Unable to load file "models/props_canteen/vacuumflask01b_cup.dx80.vtx"
Error! Unable to load file "models/props_office/desk01_static.dx80.vtx"
Error! Unable to load file "models/props_office/light_ceiling.dx80.vtx"
Error! Unable to load file "models/props_pipes/gaspipe01_128.dx80.vtx"
388 faces
18278 square feet [2632148.50 square inches]
0 Displacements
0 Square Feet [0.00 Square Inches]
388 patches before subdivision
3532 patches after subdivision
11 direct lights
0...1...2...3...4...5...6...7...8...9...100...1...2...3...4...5...6...7...8...9...10transfers 288443, max 331
transfer lists:   2.2 megs
0...1...2...3...4...5...6...7...8...9...10	Bounce #1 added RGB(8327, 8341, 7200)
0...1...2...3...4...5...6...7...8...9...10	Bounce #2 added RGB(2973, 3135, 2552)
0...1...2...3...4...5...6...7...8...9...10	Bounce #3 added RGB(856, 946, 722)
0...1...2...3...4...5...6...7...8...9...10	Bounce #4 added RGB(287, 326, 237)
0...1...2...3...4...5...6...7...8...9...10	Bounce #5 added RGB(88, 104, 71)
0...1...2...3...4...5...6...7...8...9...10	Bounce #6 added RGB(29, 35, 23)
0...1...2...3...4...5...6...7...8...9...10	Bounce #7 added RGB(9, 11, 7)
0...1...2...3...4...5...6...7...8...9...10	Bounce #8 added RGB(3, 4, 2)
0...1...2...3...4...5...6...7...8...9...10	Bounce #9 added RGB(1, 1, 1)
0...1...2...3...4...5...6...7...8...9...10	Bounce #10 added RGB(0, 0, 0)
Build Patch/Sample Hash Table(s).....Done<0.0004 sec>
0...1...2...3...4...5...6...7...8...9...10FinalLightFace Done
0 of 0 (0% of) surface lights went in leaf ambient cubes.
0...1...2...3...4...5...6...7...8...9...10Writing leaf ambient...done
Ready to Finish

Object names       Objects/Maxobjs  Memory / Maxmem  Fullness 
------------       ---------------  ---------------  -------- 
models                   2/1024           96/49152    ( 0.2%) 
brushes                 88/8192         1056/98304    ( 1.1%) 
brushsides             530/65536        4240/524288   ( 0.8%) 
planes                 206/65536        4120/1310720  ( 0.3%) 
vertexes               595/65536        7140/786432   ( 0.9%) 
nodes                  198/65536        6336/2097152  ( 0.3%) 
texinfos               102/12288        7344/884736   ( 0.8%) 
texdata                 29/2048          928/65536    ( 1.4%) 
dispinfos                0/0               0/0        ( 0.0%) 
disp_verts               0/0               0/0        ( 0.0%) 
disp_tris                0/0               0/0        ( 0.0%) 
disp_lmsamples           0/0               0/0        ( 0.0%) 
faces                  388/65536       21728/3670016  ( 0.6%) 
hdr faces                0/65536           0/3670016  ( 0.0%) 
origfaces              194/65536       10864/3670016  ( 0.3%) 
leaves                 201/65536        6432/2097152  ( 0.3%) 
leaffaces              473/65536         946/131072   ( 0.7%) 
leafbrushes            139/65536         278/131072   ( 0.2%) 
areas                    2/256            16/2048     ( 0.8%) 
surfedges             2584/512000      10336/2048000  ( 0.5%) 
edges                 1571/256000       6284/1024000  ( 0.6%) 
LDR worldlights         11/8192          968/720896   ( 0.1%) 
HDR worldlights          0/8192            0/720896   ( 0.0%) 
leafwaterdata            0/32768           0/393216   ( 0.0%) 
waterstrips             42/32768         420/327680   ( 0.1%) 
waterverts               0/65536           0/786432   ( 0.0%) 
waterindices           672/65536        1344/131072   ( 1.0%) 
cubemapsamples           0/1024            0/16384    ( 0.0%) 
overlays                 7/512          2464/180224   ( 1.4%) 
LDR lightdata         [variable]      163044/0        ( 0.0%) 
HDR lightdata         [variable]           0/0        ( 0.0%) 
visdata               [variable]        3475/16777216 ( 0.0%) 
entdata               [variable]       22217/393216   ( 5.7%) 
LDR ambient table      201/65536         804/262144   ( 0.3%) 
HDR ambient table      201/65536         804/262144   ( 0.3%) 
LDR leaf ambient       825/65536       23100/1835008  ( 1.3%) 
HDR leaf ambient       201/65536        5628/1835008  ( 0.3%) 
occluders                0/0               0/0        ( 0.0%) 
occluder polygons        0/0               0/0        ( 0.0%) 
occluder vert ind        0/0               0/0        ( 0.0%) 
detail props          [variable]           1/12       ( 8.3%) 
static props          [variable]           1/5008     ( 0.0%) 
pakfile               [variable]      105715/0        ( 0.0%) 
physics               [variable]       31804/4194304  ( 0.8%) 
physics terrain       [variable]           2/1048576  ( 0.0%) 

Level flags = 0

Total triangle count: 1032
Writing c:\program files (x86)\steam\steamapps\sourcemods\malmetro\maps\mp_a1_b0_laboratories.bsp
0 seconds elapsed



Could not find lights.rad in lights.rad.
Trying VRAD BIN directory instead...
Warning: Couldn't open texlight file C:\Program Files (x86)\Steam\steamapps\common\Source SDK Base 2013 Multiplayer\bin\lights.rad.
Loading c:\program files (x86)\steam\steamapps\sourcemods\malmetro\maps\mp_a1_b0_laboratories.bsp
Error! Unable to load file "models/props_am/locker_bench.dx80.vtx"
Error! Unable to load file "models/props_blackmesa/bms_vent_64_01.dx80.vtx"
Error! Unable to load file "models/props_lab/labcupboard_wall01a.dx80.vtx"
Error! Unable to load file "models/props_canteen/vacuumflask01b_cup.dx80.vtx"
Error! Unable to load file "models/props_office/desk01_static.dx80.vtx"
Error! Unable to load file "models/props_office/light_ceiling.dx80.vtx"
Error! Unable to load file "models/props_pipes/gaspipe01_128.dx80.vtx"
388 faces
18278 square feet [2632148.50 square inches]
0 Displacements
0 Square Feet [0.00 Square Inches]
388 patches before subdivision
3532 patches after subdivision
11 direct lights
0...1...2...3...4...5...6...7...8...9...100...1...2...3...4...5...6...7...8...9...10transfers 288443, max 331
transfer lists:   2.2 megs
0...1...2...3...4...5...6...7...8...9...10	Bounce #1 added RGB(8327, 8341, 7200)
0...1...2...3...4...5...6...7...8...9...10	Bounce #2 added RGB(2973, 3134, 2552)
0...1...2...3...4...5...6...7...8...9...10	Bounce #3 added RGB(856, 946, 722)
0...1...2...3...4...5...6...7...8...9...10	Bounce #4 added RGB(287, 326, 237)
0...1...2...3...4...5...6...7...8...9...10	Bounce #5 added RGB(88, 104, 71)
0...1...2...3...4...5...6...7...8...9...10	Bounce #6 added RGB(29, 35, 23)
0...1...2...3...4...5...6...7...8...9...10	Bounce #7 added RGB(9, 11, 7)
0...1...2...3...4...5...6...7...8...9...10	Bounce #8 added RGB(3, 4, 2)
0...1...2...3...4...5...6...7...8...9...10	Bounce #9 added RGB(1, 1, 1)
0...1...2...3...4...5...6...7...8...9...10	Bounce #10 added RGB(0, 0, 0)
Build Patch/Sample Hash Table(s).....Done<0.0004 sec>
0...1...2...3...4...5...6...7...8...9...10FinalLightFace Done
0 of 0 (0% of) surface lights went in leaf ambient cubes.
0...1...2...3...4...5...6...7...8...9...10Writing leaf ambient...done
Ready to Finish

Object names       Objects/Maxobjs  Memory / Maxmem  Fullness 
------------       ---------------  ---------------  -------- 
models                   2/1024           96/49152    ( 0.2%) 
brushes                 88/8192         1056/98304    ( 1.1%) 
brushsides             530/65536        4240/524288   ( 0.8%) 
planes                 206/65536        4120/1310720  ( 0.3%) 
vertexes               595/65536        7140/786432   ( 0.9%) 
nodes                  198/65536        6336/2097152  ( 0.3%) 
texinfos               102/12288        7344/884736   ( 0.8%) 
texdata                 29/2048          928/65536    ( 1.4%) 
dispinfos                0/0               0/0        ( 0.0%) 
disp_verts               0/0               0/0        ( 0.0%) 
disp_tris                0/0               0/0        ( 0.0%) 
disp_lmsamples           0/0               0/0        ( 0.0%) 
faces                  388/65536       21728/3670016  ( 0.6%) 
hdr faces              388/65536       21728/3670016  ( 0.6%) 
origfaces              194/65536       10864/3670016  ( 0.3%) 
leaves                 201/65536        6432/2097152  ( 0.3%) 
leaffaces              473/65536         946/131072   ( 0.7%) 
leafbrushes            139/65536         278/131072   ( 0.2%) 
areas                    2/256            16/2048     ( 0.8%) 
surfedges             2584/512000      10336/2048000  ( 0.5%) 
edges                 1571/256000       6284/1024000  ( 0.6%) 
LDR worldlights         11/8192          968/720896   ( 0.1%) 
HDR worldlights         11/8192          968/720896   ( 0.1%) 
leafwaterdata            0/32768           0/393216   ( 0.0%) 
waterstrips             42/32768         420/327680   ( 0.1%) 
waterverts               0/65536           0/786432   ( 0.0%) 
waterindices           672/65536        1344/131072   ( 1.0%) 
cubemapsamples           0/1024            0/16384    ( 0.0%) 
overlays                 7/512          2464/180224   ( 1.4%) 
LDR lightdata         [variable]      163044/0        ( 0.0%) 
HDR lightdata         [variable]      163044/0        ( 0.0%) 
visdata               [variable]        3475/16777216 ( 0.0%) 
entdata               [variable]       22217/393216   ( 5.7%) 
LDR ambient table      201/65536         804/262144   ( 0.3%) 
HDR ambient table      201/65536         804/262144   ( 0.3%) 
LDR leaf ambient       825/65536       23100/1835008  ( 1.3%) 
HDR leaf ambient       825/65536       23100/1835008  ( 1.3%) 
occluders                0/0               0/0        ( 0.0%) 
occluder polygons        0/0               0/0        ( 0.0%) 
occluder vert ind        0/0               0/0        ( 0.0%) 
detail props          [variable]           1/12       ( 8.3%) 
static props          [variable]           1/5008     ( 0.0%) 
pakfile               [variable]      105715/0        ( 0.0%) 
physics               [variable]       31804/4194304  ( 0.8%) 
physics terrain       [variable]           2/1048576  ( 0.0%) 

Level flags = 0

Total triangle count: 1032
Writing c:\program files (x86)\steam\steamapps\sourcemods\malmetro\maps\mp_a1_b0_laboratories.bsp
1 second elapsed
