PRT1
77
169
4 0 58 (384 0 416 ) (240 0 416 ) (240 0 64 ) (384 0 64 ) 
4 0 2 (384 0 64 ) (240 0 64 ) (240 640 64 ) (384 640 64 ) 
4 0 1 (240 640 416 ) (240 640 192 ) (240 0 192 ) (240 0 416 ) 
4 1 59 (240 0 416 ) (96 0 416 ) (96 0 192 ) (240 0 192 ) 
4 1 9 (96 240 416 ) (96 256 416 ) (96 256 192 ) (96 240 192 ) 
4 1 10 (96 0 192 ) (96 0 416 ) (96 240 416 ) (96 240 192 ) 
4 1 8 (96 256 416 ) (96 400 416 ) (96 400 192 ) (96 256 192 ) 
4 1 7 (96 400 416 ) (96 640 416 ) (96 640 192 ) (96 400 192 ) 
4 2 58 (384 0 64 ) (240 0 64 ) (240 0 -240 ) (384 0 -240 ) 
4 2 22 (384 0 -240 ) (240 0 -240 ) (240 640 -240 ) (384 640 -240 ) 
4 2 5 (240 240 -64 ) (240 128 -64 ) (240 128 64 ) (240 240 64 ) 
4 2 3 (240 384 -64 ) (240 240 -64 ) (240 240 64 ) (240 384 64 ) 
4 3 5 (112 240 -64 ) (240 240 -64 ) (240 240 64 ) (112 240 64 ) 
4 3 4 (112 384 64 ) (112 384 -64 ) (112 256 -64 ) (112 256 64 ) 
4 4 14 (96 380 -64 ) (96 260 -64 ) (96 260 -63 ) (96 380 -63 ) 
4 4 13 (96 256 64 ) (96 384 64 ) (96 384 -63 ) (96 256 -63 ) 
4 5 6 (112 240 64 ) (112 240 -64 ) (112 128 -64 ) (112 128 64 ) 
4 6 15 (96 128 64 ) (96 240 64 ) (96 240 -64 ) (96 128 -64 ) 
4 7 26 (0 400 416 ) (0 640 416 ) (0 640 64 ) (0 400 64 ) 
4 7 11 (0 400 64 ) (0 640 64 ) (96 640 64 ) (96 400 64 ) 
4 7 8 (96 400 80 ) (96 400 416 ) (0 400 416 ) (0 400 80 ) 
4 8 27 (0 256 416 ) (0 400 416 ) (0 400 80 ) (0 256 80 ) 
4 8 9 (96 256 80 ) (96 256 416 ) (0 256 416 ) (0 256 80 ) 
4 9 28 (0 240 416 ) (0 256 416 ) (0 256 77.688004 ) (0 240 77.688004 ) 
4 9 10 (96 240 77.688004 ) (96 240 416 ) (0 240 416 ) (0 240 77.688004 ) 
4 10 60 (0 0 416 ) (0 0 64 ) (96 0 64 ) (96 0 416 ) 
4 10 29 (0 0 64 ) (0 0 416 ) (0 240 416 ) (0 240 64 ) 
4 10 17 (0 0 64 ) (0 240 64 ) (48 240 64 ) (48 0 64 ) 
4 10 15 (48 240 64 ) (96 240 64 ) (96 0 64 ) (48 0 64 ) 
4 11 30 (0 400 64 ) (0 640 64 ) (0 640 -64 ) (0 400 -64 ) 
4 11 18 (96 640 -64 ) (96 400 -64 ) (0 400 -64 ) (0 640 -64 ) 
4 11 12 (0 400 -64 ) (48 400 -64 ) (48 400 64 ) (0 400 64 ) 
4 12 31 (0 384 64 ) (0 400 64 ) (0 400 -64 ) (0 384 -64 ) 
4 12 13 (48 384 -63 ) (48 384 64 ) (0 384 64 ) (0 384 -63 ) 
4 13 32 (0 256 64 ) (0 384 64 ) (0 384 -63 ) (0 256 -63 ) 
4 13 16 (48 256 64 ) (0 256 64 ) (0 256 -63 ) (48 256 -63 ) 
4 13 14 (0 260 -63 ) (0 380 -63 ) (96 380 -63 ) (96 260 -63 ) 
4 14 33 (0 380 -64 ) (0 260 -64 ) (0 260 -63 ) (0 380 -63 ) 
4 15 61 (48 0 -64 ) (96 0 -64 ) (96 0 64 ) (48 0 64 ) 
4 15 20 (96 240 -64 ) (96 0 -64 ) (48 0 -64 ) (48 240 -64 ) 
4 15 17 (48 240 -64 ) (48 0 -64 ) (48 0 64 ) (48 240 64 ) 
4 16 34 (0 240 64 ) (0 256 64 ) (0 256 -64 ) (0 240 -64 ) 
4 16 19 (0 240 -64 ) (0 256 -64 ) (48 256 -64 ) (48 240 -64 ) 
4 16 17 (0 240 -64 ) (48 240 -64 ) (48 240 64 ) (0 240 64 ) 
4 17 61 (0 0 64 ) (0 0 -64 ) (48 0 -64 ) (48 0 64 ) 
4 17 35 (0 0 -64 ) (0 0 64 ) (0 240 64 ) (0 240 -64 ) 
4 17 20 (48 0 -64 ) (0 0 -64 ) (0 240 -64 ) (48 240 -64 ) 
4 18 37 (0 400 -64 ) (0 640 -64 ) (0 640 -80 ) (0 400 -80 ) 
4 18 21 (0 400 -80 ) (0 640 -80 ) (96 640 -80 ) (96 400 -80 ) 
4 19 38 (0 240 -64 ) (0 256 -64 ) (0 256 -66.311996 ) (0 240 -66.311996 ) 
4 19 20 (96 240 -66.311996 ) (96 240 -64 ) (0 240 -64 ) (0 240 -66.311996 ) 
4 20 61 (0 0 -64 ) (0 0 -80 ) (96 0 -80 ) (96 0 -64 ) 
4 20 39 (0 0 -80 ) (0 0 -64 ) (0 240 -64 ) (0 240 -80 ) 
4 20 21 (0 0 -80 ) (0 240 -80 ) (96 240 -80 ) (96 0 -80 ) 
5 21 61 (0 0 -80 ) (0 0 -240 ) (78 0 -240 ) (96 0 -192 ) (96 0 -80 ) 
4 21 40 (0 0 -240 ) (0 0 -80 ) (0 640 -80 ) (0 640 -240 ) 
4 21 23 (78 0 -240 ) (0 0 -240 ) (0 640 -240 ) (78 640 -240 ) 
4 22 64 (384 0 -240 ) (240 0 -240 ) (240 0 -320 ) (384 0 -320 ) 
4 22 24 (240 640 -320 ) (384 640 -320 ) (384 0 -320 ) (240 0 -320 ) 
4 23 63 (78 0 -240 ) (0 0 -240 ) (0 0 -320 ) (48 0 -320 ) 
4 23 54 (0 0 -320 ) (0 0 -240 ) (0 640 -240 ) (0 640 -320 ) 
4 24 65 (384 0 -320 ) (112 0 -320 ) (112 0 -544 ) (384 0 -544 ) 
4 24 25 (112 640 -448 ) (112 640 -544 ) (112 0 -544 ) (112 0 -448 ) 
4 25 66 (0 0 -448 ) (0 0 -544 ) (112 0 -544 ) (112 0 -448 ) 
4 25 56 (0 0 -544 ) (0 0 -448 ) (0 640 -448 ) (0 640 -544 ) 
4 26 41 (-512 400 416 ) (-512 640 416 ) (-512 640 192 ) (-512 400 192 ) 
4 26 30 (-512 400 64 ) (-512 640 64 ) (0 640 64 ) (0 400 64 ) 
4 26 27 (0 400 80 ) (0 400 416 ) (-512 400 416 ) (-512 400 80 ) 
4 27 41 (-512 256 416 ) (-512 400 416 ) (-512 400 192 ) (-512 256 192 ) 
4 27 28 (0 256 80 ) (0 256 416 ) (-512 256 416 ) (-512 256 80 ) 
4 28 41 (-512 240 416 ) (-512 256 416 ) (-512 256 192 ) (-512 240 192 ) 
4 28 29 (0 240 77.688004 ) (0 240 416 ) (-512 240 416 ) (-512 240 77.688004 ) 
4 29 68 (0 0 64 ) (0 0 416 ) (-512 0 416 ) (-512 0 64 ) 
4 29 41 (-512 0 192 ) (-512 0 416 ) (-512 240 416 ) (-512 240 192 ) 
4 29 36 (-464 0 64 ) (-512 0 64 ) (-512 240 64 ) (-464 240 64 ) 
4 29 35 (0 0 64 ) (-464 0 64 ) (-464 240 64 ) (0 240 64 ) 
4 30 37 (-512 400 -64 ) (-512 640 -64 ) (0 640 -64 ) (0 400 -64 ) 
4 30 31 (-464 400 -64 ) (0 400 -64 ) (0 400 64 ) (-464 400 64 ) 
4 31 32 (0 384 -63 ) (0 384 64 ) (-464 384 64 ) (-464 384 -63 ) 
4 32 42 (-512 256 64 ) (-512 384 64 ) (-512 384 -63 ) (-512 256 -63 ) 
4 32 34 (0 256 -63 ) (0 256 64 ) (-464 256 64 ) (-464 256 -63 ) 
4 32 33 (-512 260 -63 ) (-512 380 -63 ) (0 380 -63 ) (0 260 -63 ) 
4 33 42 (-512 380 -64 ) (-512 260 -64 ) (-512 260 -63 ) (-512 380 -63 ) 
4 34 38 (-464 256 -64 ) (0 256 -64 ) (0 240 -64 ) (-464 240 -64 ) 
4 34 35 (-464 240 64 ) (-464 240 -64 ) (0 240 -64 ) (0 240 64 ) 
4 35 68 (0 0 -64 ) (0 0 64 ) (-464 0 64 ) (-464 0 -64 ) 
4 35 39 (0 240 -64 ) (0 0 -64 ) (-464 0 -64 ) (-464 240 -64 ) 
4 35 36 (-464 240 -64 ) (-464 0 -64 ) (-464 0 64 ) (-464 240 64 ) 
4 36 68 (-464 0 64 ) (-512 0 64 ) (-512 0 -64 ) (-464 0 -64 ) 
4 36 44 (-512 128 64 ) (-512 240 64 ) (-512 240 -64 ) (-512 128 -64 ) 
4 36 39 (-512 0 -64 ) (-512 240 -64 ) (-464 240 -64 ) (-464 0 -64 ) 
4 37 40 (-512 400 -80 ) (-512 640 -80 ) (0 640 -80 ) (0 400 -80 ) 
4 38 39 (0 240 -66.311996 ) (0 240 -64 ) (-512 240 -64 ) (-512 240 -66.311996 ) 
4 39 68 (0 0 -80 ) (0 0 -64 ) (-512 0 -64 ) (-512 0 -80 ) 
4 39 40 (0 0 -80 ) (-512 0 -80 ) (-512 240 -80 ) (0 240 -80 ) 
5 40 68 (0 0 -240 ) (0 0 -80 ) (-512 0 -80 ) (-512 0 -192 ) (-494 0 -240 ) 
4 40 54 (0 640 -240 ) (0 0 -240 ) (-494 0 -240 ) (-494 640 -240 ) 
4 41 69 (-656 0 416 ) (-656 0 192 ) (-512 0 192 ) (-512 0 416 ) 
4 41 50 (-656 128 416 ) (-656 384 416 ) (-656 384 192 ) (-656 128 192 ) 
4 41 49 (-656 384 416 ) (-656 640 416 ) (-656 640 192 ) (-656 384 192 ) 
4 41 52 (-656 0 192 ) (-656 0 416 ) (-656 128 416 ) (-656 128 192 ) 
4 42 43 (-528 384 64 ) (-528 384 -64 ) (-528 256 -64 ) (-528 256 64 ) 
4 43 46 (-624 240 -64 ) (-568 240 -64 ) (-568 240 64 ) (-624 240 64 ) 
4 43 48 (-656 240 -64 ) (-624 240 -64 ) (-624 240 64 ) (-656 240 64 ) 
4 43 45 (-568 240 -64 ) (-528 240 -64 ) (-528 240 64 ) (-568 240 64 ) 
4 44 45 (-528 240 64 ) (-528 240 -64 ) (-528 128 -64 ) (-528 128 64 ) 
4 45 47 (-568 128 48 ) (-568 128 64 ) (-568 129 64 ) (-568 129 48 ) 
4 45 46 (-568 240 64 ) (-568 240 -64 ) (-568 129 -64 ) (-568 129 64 ) 
4 46 47 (-624 129 64 ) (-624 129 48 ) (-568 129 48 ) (-568 129 64 ) 
4 46 48 (-624 240 64 ) (-624 240 -64 ) (-624 129 -64 ) (-624 129 64 ) 
4 47 48 (-624 128 48 ) (-624 128 64 ) (-624 129 64 ) (-624 129 48 ) 
4 49 55 (-656 640 -240 ) (-656 384 -240 ) (-800 384 -240 ) (-800 640 -240 ) 
4 49 50 (-800 384 416 ) (-800 384 64 ) (-656 384 64 ) (-656 384 416 ) 
4 49 51 (-800 384 -64 ) (-800 384 -240 ) (-656 384 -240 ) (-656 384 -64 ) 
4 49 53 (-800 640 416 ) (-800 640 -240 ) (-800 384 -240 ) (-800 384 416 ) 
4 50 52 (-800 128 416 ) (-800 128 64 ) (-656 128 64 ) (-656 128 416 ) 
4 50 53 (-800 128 64 ) (-800 128 416 ) (-800 384 416 ) (-800 384 64 ) 
4 51 55 (-656 384 -240 ) (-656 128 -240 ) (-800 128 -240 ) (-800 384 -240 ) 
4 51 53 (-800 384 -240 ) (-800 128 -240 ) (-800 128 -64 ) (-800 384 -64 ) 
4 51 52 (-800 128 -64 ) (-800 128 -240 ) (-656 128 -240 ) (-656 128 -64 ) 
4 52 71 (-800 0 -240 ) (-656 0 -240 ) (-656 0 416 ) (-800 0 416 ) 
4 52 55 (-656 128 -240 ) (-656 0 -240 ) (-800 0 -240 ) (-800 128 -240 ) 
4 52 53 (-800 128 -240 ) (-800 0 -240 ) (-800 0 416 ) (-800 128 416 ) 
4 53 71 (-912 0 -240 ) (-800 0 -240 ) (-800 0 416 ) (-912 0 416 ) 
4 53 55 (-800 0 -240 ) (-912 0 -240 ) (-912 640 -240 ) (-800 640 -240 ) 
4 54 72 (0 0 -320 ) (0 0 -240 ) (-494 0 -240 ) (-464 0 -320 ) 
4 55 73 (-656 0 -240 ) (-912 0 -240 ) (-912 0 -320 ) (-656 0 -320 ) 
4 55 57 (-656 0 -320 ) (-912 0 -320 ) (-912 640 -320 ) (-656 640 -320 ) 
4 56 74 (0 0 -544 ) (0 0 -448 ) (-528 0 -448 ) (-528 0 -544 ) 
4 56 57 (-528 640 -448 ) (-528 640 -544 ) (-528 0 -544 ) (-528 0 -448 ) 
4 57 75 (-528 0 -320 ) (-912 0 -320 ) (-912 0 -544 ) (-528 0 -544 ) 
4 58 67 (240 -192 -240 ) (240 -128 -240 ) (384 -128 -240 ) (384 -192 -240 ) 
4 58 64 (240 -128 -240 ) (240 0 -240 ) (384 0 -240 ) (384 -128 -240 ) 
4 58 62 (240 -128 -240 ) (240 -192 -240 ) (240 -192 416 ) (240 -128 416 ) 
4 58 59 (240 -128 192 ) (240 -128 416 ) (240 0 416 ) (240 0 192 ) 
4 59 62 (240 -128 192 ) (240 -128 416 ) (96 -128 416 ) (96 -128 192 ) 
4 59 60 (96 -128 192 ) (96 -128 416 ) (96 0 416 ) (96 0 192 ) 
4 60 68 (0 0 416 ) (0 0 64 ) (0 -128 64 ) (0 -128 416 ) 
4 60 62 (96 -128 416 ) (0 -128 416 ) (0 -128 64 ) (96 -128 64 ) 
4 60 61 (96 -128 64 ) (0 -128 64 ) (0 0 64 ) (96 0 64 ) 
4 61 68 (0 0 64 ) (0 0 -240 ) (0 -128 -240 ) (0 -128 64 ) 
4 61 63 (0 -128 -240 ) (0 0 -240 ) (78 0 -240 ) (78 -128 -240 ) 
5 61 62 (0 -128 -240 ) (78 -128 -240 ) (96 -128 -192 ) (96 -128 64 ) (0 -128 64 ) 
4 62 70 (0 -128 -240 ) (0 -192 -240 ) (0 -192 416 ) (0 -128 416 ) 
4 62 67 (0 -192 -240 ) (0 -128 -240 ) (240 -128 -240 ) (240 -192 -240 ) 
4 63 72 (0 0 -240 ) (0 0 -320 ) (0 -128 -320 ) (0 -128 -240 ) 
4 63 67 (78 -128 -240 ) (0 -128 -240 ) (0 -128 -320 ) (48 -128 -320 ) 
4 64 67 (384 -128 -240 ) (240 -128 -240 ) (240 -128 -320 ) (384 -128 -320 ) 
4 64 65 (384 -128 -320 ) (240 -128 -320 ) (240 0 -320 ) (384 0 -320 ) 
4 65 67 (384 -128 -320 ) (112 -128 -320 ) (112 -128 -544 ) (384 -128 -544 ) 
4 65 66 (112 0 -544 ) (112 -128 -544 ) (112 -128 -448 ) (112 0 -448 ) 
4 66 74 (0 0 -448 ) (0 0 -544 ) (0 -128 -544 ) (0 -128 -448 ) 
4 66 67 (0 -128 -448 ) (0 -128 -544 ) (112 -128 -544 ) (112 -128 -448 ) 
4 67 76 (0 -192 -240 ) (0 -128 -240 ) (0 -128 -544 ) (0 -192 -544 ) 
4 68 72 (-494 0 -240 ) (0 0 -240 ) (0 -128 -240 ) (-494 -128 -240 ) 
5 68 70 (-494 -128 -240 ) (0 -128 -240 ) (0 -128 416 ) (-512 -128 416 ) (-512 -128 -192 ) 
4 68 69 (-512 -128 192 ) (-512 -128 416 ) (-512 0 416 ) (-512 0 192 ) 
4 69 71 (-656 -128 192 ) (-656 -128 416 ) (-656 0 416 ) (-656 0 192 ) 
4 69 70 (-656 -128 416 ) (-656 -128 192 ) (-512 -128 192 ) (-512 -128 416 ) 
4 70 76 (-656 -192 -240 ) (-656 -128 -240 ) (0 -128 -240 ) (0 -192 -240 ) 
4 70 71 (-656 -128 -240 ) (-656 -192 -240 ) (-656 -192 416 ) (-656 -128 416 ) 
4 71 76 (-912 -192 -240 ) (-912 -128 -240 ) (-656 -128 -240 ) (-656 -192 -240 ) 
4 71 73 (-912 -128 -240 ) (-912 0 -240 ) (-656 0 -240 ) (-656 -128 -240 ) 
4 72 76 (0 -128 -240 ) (-494 -128 -240 ) (-464 -128 -320 ) (0 -128 -320 ) 
4 73 76 (-656 -128 -240 ) (-912 -128 -240 ) (-912 -128 -320 ) (-656 -128 -320 ) 
4 73 75 (-656 -128 -320 ) (-912 -128 -320 ) (-912 0 -320 ) (-656 0 -320 ) 
4 74 76 (-528 -128 -544 ) (0 -128 -544 ) (0 -128 -448 ) (-528 -128 -448 ) 
4 74 75 (-528 0 -544 ) (-528 -128 -544 ) (-528 -128 -448 ) (-528 0 -448 ) 
4 75 76 (-912 -128 -544 ) (-528 -128 -544 ) (-528 -128 -320 ) (-912 -128 -320 ) 
